CRITICAL - 2024-09-18 11:22:26 --> syntax error, unexpected token "else", expecting "function" or "const"
in APPPATH\Controllers\Controleur.php on line 43.
 1 SYSTEMPATH\Autoloader\Autoloader.php(285): CodeIgniter\Autoloader\Autoloader->includeFile('C:\\wamp64\\www\\codeigniter4-v4.4.0\\app\\Controllers\\Controleur.php')
 2 SYSTEMPATH\Autoloader\Autoloader.php(263): CodeIgniter\Autoloader\Autoloader->loadInNamespace('App\\Controllers\\Controleur')
 3 [internal function]: CodeIgniter\Autoloader\Autoloader->loadClass('App\\Controllers\\Controleur')
 4 SYSTEMPATH\CodeIgniter.php(873): class_exists('\\App\\Controllers\\Controleur', true)
 5 SYSTEMPATH\CodeIgniter.php(479): CodeIgniter\CodeIgniter->startController()
 6 SYSTEMPATH\CodeIgniter.php(353): CodeIgniter\CodeIgniter->handleRequest(null, Object(Config\Cache), false)
 7 FCPATH\index.php(79): CodeIgniter\CodeIgniter->run()
CRITICAL - 2024-09-18 11:22:29 --> syntax error, unexpected token "else", expecting "function" or "const"
in APPPATH\Controllers\Controleur.php on line 43.
 1 SYSTEMPATH\Autoloader\Autoloader.php(285): CodeIgniter\Autoloader\Autoloader->includeFile('C:\\wamp64\\www\\codeigniter4-v4.4.0\\app\\Controllers\\Controleur.php')
 2 SYSTEMPATH\Autoloader\Autoloader.php(263): CodeIgniter\Autoloader\Autoloader->loadInNamespace('App\\Controllers\\Controleur')
 3 [internal function]: CodeIgniter\Autoloader\Autoloader->loadClass('App\\Controllers\\Controleur')
 4 SYSTEMPATH\CodeIgniter.php(873): class_exists('\\App\\Controllers\\Controleur', true)
 5 SYSTEMPATH\CodeIgniter.php(479): CodeIgniter\CodeIgniter->startController()
 6 SYSTEMPATH\CodeIgniter.php(353): CodeIgniter\CodeIgniter->handleRequest(null, Object(Config\Cache), false)
 7 FCPATH\index.php(79): CodeIgniter\CodeIgniter->run()
CRITICAL - 2024-09-18 13:12:12 --> syntax error, unexpected token "else", expecting "function" or "const"
in APPPATH\Controllers\Controleur.php on line 106.
 1 SYSTEMPATH\Autoloader\Autoloader.php(285): CodeIgniter\Autoloader\Autoloader->includeFile('C:\\wamp64\\www\\codeigniter4-v4.4.0\\app\\Controllers\\Controleur.php')
 2 SYSTEMPATH\Autoloader\Autoloader.php(263): CodeIgniter\Autoloader\Autoloader->loadInNamespace('App\\Controllers\\Controleur')
 3 [internal function]: CodeIgniter\Autoloader\Autoloader->loadClass('App\\Controllers\\Controleur')
 4 SYSTEMPATH\CodeIgniter.php(873): class_exists('\\App\\Controllers\\Controleur', true)
 5 SYSTEMPATH\CodeIgniter.php(479): CodeIgniter\CodeIgniter->startController()
 6 SYSTEMPATH\CodeIgniter.php(353): CodeIgniter\CodeIgniter->handleRequest(null, Object(Config\Cache), false)
 7 FCPATH\index.php(79): CodeIgniter\CodeIgniter->run()
CRITICAL - 2024-09-18 13:13:01 --> syntax error, unexpected variable "$donnees", expecting "function" or "const"
in APPPATH\Controllers\Controleur.php on line 115.
 1 SYSTEMPATH\Autoloader\Autoloader.php(285): CodeIgniter\Autoloader\Autoloader->includeFile('C:\\wamp64\\www\\codeigniter4-v4.4.0\\app\\Controllers\\Controleur.php')
 2 SYSTEMPATH\Autoloader\Autoloader.php(263): CodeIgniter\Autoloader\Autoloader->loadInNamespace('App\\Controllers\\Controleur')
 3 [internal function]: CodeIgniter\Autoloader\Autoloader->loadClass('App\\Controllers\\Controleur')
 4 SYSTEMPATH\CodeIgniter.php(873): class_exists('\\App\\Controllers\\Controleur', true)
 5 SYSTEMPATH\CodeIgniter.php(479): CodeIgniter\CodeIgniter->startController()
 6 SYSTEMPATH\CodeIgniter.php(353): CodeIgniter\CodeIgniter->handleRequest(null, Object(Config\Cache), false)
 7 FCPATH\index.php(79): CodeIgniter\CodeIgniter->run()
CRITICAL - 2024-09-18 13:13:40 --> Undefined array key "pseudo"
in APPPATH\Controllers\Controleur.php on line 73.
 1 APPPATH\Controllers\Controleur.php(73): CodeIgniter\Debug\Exceptions->errorHandler(2, 'Undefined array key "pseudo"', 'C:\\wamp64\\www\\codeigniter4-v4.4.0\\app\\Controllers\\Controleur.php', 73)
 2 APPPATH\Controllers\Controleur.php(24): App\Controllers\Controleur->redirectPageCo()
 3 SYSTEMPATH\CodeIgniter.php(915): App\Controllers\Controleur->index()
 4 SYSTEMPATH\CodeIgniter.php(492): CodeIgniter\CodeIgniter->runController(Object(App\Controllers\Controleur))
 5 SYSTEMPATH\CodeIgniter.php(353): CodeIgniter\CodeIgniter->handleRequest(null, Object(Config\Cache), false)
 6 FCPATH\index.php(79): CodeIgniter\CodeIgniter->run()
CRITICAL - 2024-09-18 13:14:28 --> Undefined array key "pseudo"
in APPPATH\Controllers\Controleur.php on line 73.
 1 APPPATH\Controllers\Controleur.php(73): CodeIgniter\Debug\Exceptions->errorHandler(2, 'Undefined array key "pseudo"', 'C:\\wamp64\\www\\codeigniter4-v4.4.0\\app\\Controllers\\Controleur.php', 73)
 2 APPPATH\Controllers\Controleur.php(24): App\Controllers\Controleur->redirectPageCo()
 3 SYSTEMPATH\CodeIgniter.php(915): App\Controllers\Controleur->index()
 4 SYSTEMPATH\CodeIgniter.php(492): CodeIgniter\CodeIgniter->runController(Object(App\Controllers\Controleur))
 5 SYSTEMPATH\CodeIgniter.php(353): CodeIgniter\CodeIgniter->handleRequest(null, Object(Config\Cache), false)
 6 FCPATH\index.php(79): CodeIgniter\CodeIgniter->run()
CRITICAL - 2024-09-18 13:14:28 --> Undefined array key "pseudo"
in APPPATH\Controllers\Controleur.php on line 73.
 1 APPPATH\Controllers\Controleur.php(73): CodeIgniter\Debug\Exceptions->errorHandler(2, 'Undefined array key "pseudo"', 'C:\\wamp64\\www\\codeigniter4-v4.4.0\\app\\Controllers\\Controleur.php', 73)
 2 APPPATH\Controllers\Controleur.php(24): App\Controllers\Controleur->redirectPageCo()
 3 SYSTEMPATH\CodeIgniter.php(915): App\Controllers\Controleur->index()
 4 SYSTEMPATH\CodeIgniter.php(492): CodeIgniter\CodeIgniter->runController(Object(App\Controllers\Controleur))
 5 SYSTEMPATH\CodeIgniter.php(353): CodeIgniter\CodeIgniter->handleRequest(null, Object(Config\Cache), false)
 6 FCPATH\index.php(79): CodeIgniter\CodeIgniter->run()
CRITICAL - 2024-09-18 13:14:29 --> Undefined array key "pseudo"
in APPPATH\Controllers\Controleur.php on line 73.
 1 APPPATH\Controllers\Controleur.php(73): CodeIgniter\Debug\Exceptions->errorHandler(2, 'Undefined array key "pseudo"', 'C:\\wamp64\\www\\codeigniter4-v4.4.0\\app\\Controllers\\Controleur.php', 73)
 2 APPPATH\Controllers\Controleur.php(24): App\Controllers\Controleur->redirectPageCo()
 3 SYSTEMPATH\CodeIgniter.php(915): App\Controllers\Controleur->index()
 4 SYSTEMPATH\CodeIgniter.php(492): CodeIgniter\CodeIgniter->runController(Object(App\Controllers\Controleur))
 5 SYSTEMPATH\CodeIgniter.php(353): CodeIgniter\CodeIgniter->handleRequest(null, Object(Config\Cache), false)
 6 FCPATH\index.php(79): CodeIgniter\CodeIgniter->run()
CRITICAL - 2024-09-18 13:15:58 --> Undefined array key "pseudo"
in APPPATH\Controllers\Controleur.php on line 73.
 1 APPPATH\Controllers\Controleur.php(73): CodeIgniter\Debug\Exceptions->errorHandler(2, 'Undefined array key "pseudo"', 'C:\\wamp64\\www\\codeigniter4-v4.4.0\\app\\Controllers\\Controleur.php', 73)
 2 APPPATH\Controllers\Controleur.php(24): App\Controllers\Controleur->redirectPageCo()
 3 SYSTEMPATH\CodeIgniter.php(915): App\Controllers\Controleur->index()
 4 SYSTEMPATH\CodeIgniter.php(492): CodeIgniter\CodeIgniter->runController(Object(App\Controllers\Controleur))
 5 SYSTEMPATH\CodeIgniter.php(353): CodeIgniter\CodeIgniter->handleRequest(null, Object(Config\Cache), false)
 6 FCPATH\index.php(79): CodeIgniter\CodeIgniter->run()
CRITICAL - 2024-09-18 13:24:22 --> Cannot redeclare App\Controllers\Controleur::redirectAccueilco()
in APPPATH\Controllers\Controleur.php on line 141.
 1 [internal function]: CodeIgniter\Debug\Exceptions->shutdownHandler()
CRITICAL - 2024-09-18 13:24:43 --> Undefined array key "pseudo"
in APPPATH\Controllers\Controleur.php on line 73.
 1 APPPATH\Controllers\Controleur.php(73): CodeIgniter\Debug\Exceptions->errorHandler(2, 'Undefined array key "pseudo"', 'C:\\wamp64\\www\\codeigniter4-v4.4.0\\app\\Controllers\\Controleur.php', 73)
 2 APPPATH\Controllers\Controleur.php(24): App\Controllers\Controleur->redirectPageCo()
 3 SYSTEMPATH\CodeIgniter.php(915): App\Controllers\Controleur->index()
 4 SYSTEMPATH\CodeIgniter.php(492): CodeIgniter\CodeIgniter->runController(Object(App\Controllers\Controleur))
 5 SYSTEMPATH\CodeIgniter.php(353): CodeIgniter\CodeIgniter->handleRequest(null, Object(Config\Cache), false)
 6 FCPATH\index.php(79): CodeIgniter\CodeIgniter->run()
CRITICAL - 2024-09-18 13:43:11 --> Undefined array key "pseudo"
in APPPATH\Controllers\Controleur.php on line 73.
 1 APPPATH\Controllers\Controleur.php(73): CodeIgniter\Debug\Exceptions->errorHandler(2, 'Undefined array key "pseudo"', 'C:\\wamp64\\www\\codeigniter4-v4.4.0\\app\\Controllers\\Controleur.php', 73)
 2 APPPATH\Controllers\Controleur.php(24): App\Controllers\Controleur->redirectPageCo()
 3 SYSTEMPATH\CodeIgniter.php(915): App\Controllers\Controleur->index()
 4 SYSTEMPATH\CodeIgniter.php(492): CodeIgniter\CodeIgniter->runController(Object(App\Controllers\Controleur))
 5 SYSTEMPATH\CodeIgniter.php(353): CodeIgniter\CodeIgniter->handleRequest(null, Object(Config\Cache), false)
 6 FCPATH\index.php(79): CodeIgniter\CodeIgniter->run()
CRITICAL - 2024-09-18 13:43:12 --> Undefined array key "pseudo"
in APPPATH\Controllers\Controleur.php on line 73.
 1 APPPATH\Controllers\Controleur.php(73): CodeIgniter\Debug\Exceptions->errorHandler(2, 'Undefined array key "pseudo"', 'C:\\wamp64\\www\\codeigniter4-v4.4.0\\app\\Controllers\\Controleur.php', 73)
 2 APPPATH\Controllers\Controleur.php(24): App\Controllers\Controleur->redirectPageCo()
 3 SYSTEMPATH\CodeIgniter.php(915): App\Controllers\Controleur->index()
 4 SYSTEMPATH\CodeIgniter.php(492): CodeIgniter\CodeIgniter->runController(Object(App\Controllers\Controleur))
 5 SYSTEMPATH\CodeIgniter.php(353): CodeIgniter\CodeIgniter->handleRequest(null, Object(Config\Cache), false)
 6 FCPATH\index.php(79): CodeIgniter\CodeIgniter->run()
CRITICAL - 2024-09-18 13:44:20 --> Undefined array key "pseudo"
in APPPATH\Controllers\Controleur.php on line 73.
 1 APPPATH\Controllers\Controleur.php(73): CodeIgniter\Debug\Exceptions->errorHandler(2, 'Undefined array key "pseudo"', 'C:\\wamp64\\www\\codeigniter4-v4.4.0\\app\\Controllers\\Controleur.php', 73)
 2 APPPATH\Controllers\Controleur.php(24): App\Controllers\Controleur->redirectPageCo()
 3 SYSTEMPATH\CodeIgniter.php(915): App\Controllers\Controleur->index()
 4 SYSTEMPATH\CodeIgniter.php(492): CodeIgniter\CodeIgniter->runController(Object(App\Controllers\Controleur))
 5 SYSTEMPATH\CodeIgniter.php(353): CodeIgniter\CodeIgniter->handleRequest(null, Object(Config\Cache), false)
 6 FCPATH\index.php(79): CodeIgniter\CodeIgniter->run()
CRITICAL - 2024-09-18 13:45:35 --> Undefined array key "pseudo"
in APPPATH\Controllers\Controleur.php on line 73.
 1 APPPATH\Controllers\Controleur.php(73): CodeIgniter\Debug\Exceptions->errorHandler(2, 'Undefined array key "pseudo"', 'C:\\wamp64\\www\\codeigniter4-v4.4.0\\app\\Controllers\\Controleur.php', 73)
 2 APPPATH\Controllers\Controleur.php(24): App\Controllers\Controleur->redirectPageCo()
 3 SYSTEMPATH\CodeIgniter.php(915): App\Controllers\Controleur->index()
 4 SYSTEMPATH\CodeIgniter.php(492): CodeIgniter\CodeIgniter->runController(Object(App\Controllers\Controleur))
 5 SYSTEMPATH\CodeIgniter.php(353): CodeIgniter\CodeIgniter->handleRequest(null, Object(Config\Cache), false)
 6 FCPATH\index.php(79): CodeIgniter\CodeIgniter->run()
CRITICAL - 2024-09-18 13:45:36 --> Undefined array key "pseudo"
in APPPATH\Controllers\Controleur.php on line 73.
 1 APPPATH\Controllers\Controleur.php(73): CodeIgniter\Debug\Exceptions->errorHandler(2, 'Undefined array key "pseudo"', 'C:\\wamp64\\www\\codeigniter4-v4.4.0\\app\\Controllers\\Controleur.php', 73)
 2 APPPATH\Controllers\Controleur.php(24): App\Controllers\Controleur->redirectPageCo()
 3 SYSTEMPATH\CodeIgniter.php(915): App\Controllers\Controleur->index()
 4 SYSTEMPATH\CodeIgniter.php(492): CodeIgniter\CodeIgniter->runController(Object(App\Controllers\Controleur))
 5 SYSTEMPATH\CodeIgniter.php(353): CodeIgniter\CodeIgniter->handleRequest(null, Object(Config\Cache), false)
 6 FCPATH\index.php(79): CodeIgniter\CodeIgniter->run()
CRITICAL - 2024-09-18 13:46:50 --> Undefined array key "login"
in APPPATH\Controllers\Controleur.php on line 73.
 1 APPPATH\Controllers\Controleur.php(73): CodeIgniter\Debug\Exceptions->errorHandler(2, 'Undefined array key "login"', 'C:\\wamp64\\www\\codeigniter4-v4.4.0\\app\\Controllers\\Controleur.php', 73)
 2 APPPATH\Controllers\Controleur.php(24): App\Controllers\Controleur->redirectPageCo()
 3 SYSTEMPATH\CodeIgniter.php(915): App\Controllers\Controleur->index()
 4 SYSTEMPATH\CodeIgniter.php(492): CodeIgniter\CodeIgniter->runController(Object(App\Controllers\Controleur))
 5 SYSTEMPATH\CodeIgniter.php(353): CodeIgniter\CodeIgniter->handleRequest(null, Object(Config\Cache), false)
 6 FCPATH\index.php(79): CodeIgniter\CodeIgniter->run()
CRITICAL - 2024-09-18 13:47:48 --> Undefined variable $_post
in APPPATH\Controllers\Controleur.php on line 73.
 1 APPPATH\Controllers\Controleur.php(73): CodeIgniter\Debug\Exceptions->errorHandler(2, 'Undefined variable $_post', 'C:\\wamp64\\www\\codeigniter4-v4.4.0\\app\\Controllers\\Controleur.php', 73)
 2 APPPATH\Controllers\Controleur.php(24): App\Controllers\Controleur->redirectPageCo()
 3 SYSTEMPATH\CodeIgniter.php(915): App\Controllers\Controleur->index()
 4 SYSTEMPATH\CodeIgniter.php(492): CodeIgniter\CodeIgniter->runController(Object(App\Controllers\Controleur))
 5 SYSTEMPATH\CodeIgniter.php(353): CodeIgniter\CodeIgniter->handleRequest(null, Object(Config\Cache), false)
 6 FCPATH\index.php(79): CodeIgniter\CodeIgniter->run()
CRITICAL - 2024-09-18 13:48:45 --> Too few arguments to function App\Controllers\Controleur::redirectPageCo(), 0 passed in C:\wamp64\www\codeigniter4-v4.4.0\app\Controllers\Controleur.php on line 24 and exactly 1 expected
in APPPATH\Controllers\Controleur.php on line 67.
 1 APPPATH\Controllers\Controleur.php(24): App\Controllers\Controleur->redirectPageCo()
 2 SYSTEMPATH\CodeIgniter.php(915): App\Controllers\Controleur->index()
 3 SYSTEMPATH\CodeIgniter.php(492): CodeIgniter\CodeIgniter->runController(Object(App\Controllers\Controleur))
 4 SYSTEMPATH\CodeIgniter.php(353): CodeIgniter\CodeIgniter->handleRequest(null, Object(Config\Cache), false)
 5 FCPATH\index.php(79): CodeIgniter\CodeIgniter->run()
CRITICAL - 2024-09-18 13:50:13 --> Too few arguments to function App\Controllers\Controleur::redirectPageCo(), 0 passed in C:\wamp64\www\codeigniter4-v4.4.0\app\Controllers\Controleur.php on line 24 and exactly 1 expected
in APPPATH\Controllers\Controleur.php on line 68.
 1 APPPATH\Controllers\Controleur.php(24): App\Controllers\Controleur->redirectPageCo()
 2 SYSTEMPATH\CodeIgniter.php(915): App\Controllers\Controleur->index()
 3 SYSTEMPATH\CodeIgniter.php(492): CodeIgniter\CodeIgniter->runController(Object(App\Controllers\Controleur))
 4 SYSTEMPATH\CodeIgniter.php(353): CodeIgniter\CodeIgniter->handleRequest(null, Object(Config\Cache), false)
 5 FCPATH\index.php(79): CodeIgniter\CodeIgniter->run()
CRITICAL - 2024-09-18 13:53:11 --> Undefined variable $conn
in APPPATH\Models\Modele.php on line 11.
 1 APPPATH\Models\Modele.php(11): CodeIgniter\Debug\Exceptions->errorHandler(2, 'Undefined variable $conn', 'C:\\wamp64\\www\\codeigniter4-v4.4.0\\app\\Models\\Modele.php', 11)
 2 SYSTEMPATH\Autoloader\Autoloader.php(306): include_once('C:\\wamp64\\www\\codeigniter4-v4.4.0\\app\\Models\\Modele.php')
 3 SYSTEMPATH\Autoloader\Autoloader.php(285): CodeIgniter\Autoloader\Autoloader->includeFile('C:\\wamp64\\www\\codeigniter4-v4.4.0\\app\\Models\\Modele.php')
 4 SYSTEMPATH\Autoloader\Autoloader.php(263): CodeIgniter\Autoloader\Autoloader->loadInNamespace('App\\Models\\Modele')
 5 APPPATH\Controllers\Controleur.php(75): CodeIgniter\Autoloader\Autoloader->loadClass('App\\Models\\Modele')
 6 APPPATH\Controllers\Controleur.php(33): App\Controllers\Controleur->redirectPageCo()
 7 SYSTEMPATH\CodeIgniter.php(915): App\Controllers\Controleur->index()
 8 SYSTEMPATH\CodeIgniter.php(492): CodeIgniter\CodeIgniter->runController(Object(App\Controllers\Controleur))
 9 SYSTEMPATH\CodeIgniter.php(353): CodeIgniter\CodeIgniter->handleRequest(null, Object(Config\Cache), false)
10 FCPATH\index.php(79): CodeIgniter\CodeIgniter->run()
CRITICAL - 2024-09-18 14:03:58 --> syntax error, unexpected token "public"
in APPPATH\Controllers\Controleur.php on line 149.
 1 SYSTEMPATH\Autoloader\Autoloader.php(285): CodeIgniter\Autoloader\Autoloader->includeFile('C:\\wamp64\\www\\codeigniter4-v4.4.0\\app\\Controllers\\Controleur.php')
 2 SYSTEMPATH\Autoloader\Autoloader.php(263): CodeIgniter\Autoloader\Autoloader->loadInNamespace('App\\Controllers\\Controleur')
 3 [internal function]: CodeIgniter\Autoloader\Autoloader->loadClass('App\\Controllers\\Controleur')
 4 SYSTEMPATH\CodeIgniter.php(873): class_exists('\\App\\Controllers\\Controleur', true)
 5 SYSTEMPATH\CodeIgniter.php(479): CodeIgniter\CodeIgniter->startController()
 6 SYSTEMPATH\CodeIgniter.php(353): CodeIgniter\CodeIgniter->handleRequest(null, Object(Config\Cache), false)
 7 FCPATH\index.php(79): CodeIgniter\CodeIgniter->run()
CRITICAL - 2024-09-18 14:07:07 --> syntax error, unexpected token "echo"
in APPPATH\Controllers\Controleur.php on line 157.
 1 SYSTEMPATH\Autoloader\Autoloader.php(285): CodeIgniter\Autoloader\Autoloader->includeFile('C:\\wamp64\\www\\codeigniter4-v4.4.0\\app\\Controllers\\Controleur.php')
 2 SYSTEMPATH\Autoloader\Autoloader.php(263): CodeIgniter\Autoloader\Autoloader->loadInNamespace('App\\Controllers\\Controleur')
 3 [internal function]: CodeIgniter\Autoloader\Autoloader->loadClass('App\\Controllers\\Controleur')
 4 SYSTEMPATH\CodeIgniter.php(873): class_exists('\\App\\Controllers\\Controleur', true)
 5 SYSTEMPATH\CodeIgniter.php(479): CodeIgniter\CodeIgniter->startController()
 6 SYSTEMPATH\CodeIgniter.php(353): CodeIgniter\CodeIgniter->handleRequest(null, Object(Config\Cache), false)
 7 FCPATH\index.php(79): CodeIgniter\CodeIgniter->run()
CRITICAL - 2024-09-18 14:07:36 --> syntax error, unexpected token "echo"
in APPPATH\Controllers\Controleur.php on line 157.
 1 SYSTEMPATH\Autoloader\Autoloader.php(285): CodeIgniter\Autoloader\Autoloader->includeFile('C:\\wamp64\\www\\codeigniter4-v4.4.0\\app\\Controllers\\Controleur.php')
 2 SYSTEMPATH\Autoloader\Autoloader.php(263): CodeIgniter\Autoloader\Autoloader->loadInNamespace('App\\Controllers\\Controleur')
 3 [internal function]: CodeIgniter\Autoloader\Autoloader->loadClass('App\\Controllers\\Controleur')
 4 SYSTEMPATH\CodeIgniter.php(873): class_exists('\\App\\Controllers\\Controleur', true)
 5 SYSTEMPATH\CodeIgniter.php(479): CodeIgniter\CodeIgniter->startController()
 6 SYSTEMPATH\CodeIgniter.php(353): CodeIgniter\CodeIgniter->handleRequest(null, Object(Config\Cache), false)
 7 FCPATH\index.php(79): CodeIgniter\CodeIgniter->run()
CRITICAL - 2024-09-18 14:12:26 --> syntax error, unexpected token "public"
in APPPATH\Controllers\Controleur.php on line 132.
 1 SYSTEMPATH\Autoloader\Autoloader.php(285): CodeIgniter\Autoloader\Autoloader->includeFile('C:\\wamp64\\www\\codeigniter4-v4.4.0\\app\\Controllers\\Controleur.php')
 2 SYSTEMPATH\Autoloader\Autoloader.php(263): CodeIgniter\Autoloader\Autoloader->loadInNamespace('App\\Controllers\\Controleur')
 3 [internal function]: CodeIgniter\Autoloader\Autoloader->loadClass('App\\Controllers\\Controleur')
 4 SYSTEMPATH\CodeIgniter.php(873): class_exists('\\App\\Controllers\\Controleur', true)
 5 SYSTEMPATH\CodeIgniter.php(479): CodeIgniter\CodeIgniter->startController()
 6 SYSTEMPATH\CodeIgniter.php(353): CodeIgniter\CodeIgniter->handleRequest(null, Object(Config\Cache), false)
 7 FCPATH\index.php(79): CodeIgniter\CodeIgniter->run()
CRITICAL - 2024-09-18 14:13:12 --> You must set the database table to be used with your query.
in SYSTEMPATH\Database\BaseConnection.php on line 883.
 1 SYSTEMPATH\Model.php(635): CodeIgniter\Database\BaseConnection->table(null)
 2 SYSTEMPATH\Model.php(863): CodeIgniter\Model->builder()
 3 APPPATH\Controllers\Controleur.php(99): CodeIgniter\Model->__call('creationFicheBase', [...])
 4 APPPATH\Controllers\Controleur.php(33): App\Controllers\Controleur->redirectPageCo()
 5 SYSTEMPATH\CodeIgniter.php(915): App\Controllers\Controleur->index()
 6 SYSTEMPATH\CodeIgniter.php(492): CodeIgniter\CodeIgniter->runController(Object(App\Controllers\Controleur))
 7 SYSTEMPATH\CodeIgniter.php(353): CodeIgniter\CodeIgniter->handleRequest(null, Object(Config\Cache), false)
 8 FCPATH\index.php(79): CodeIgniter\CodeIgniter->run()
CRITICAL - 2024-09-18 14:27:50 --> syntax error, unexpected token "else"
in APPPATH\Controllers\Controleur.php on line 45.
 1 SYSTEMPATH\Autoloader\Autoloader.php(285): CodeIgniter\Autoloader\Autoloader->includeFile('C:\\wamp64\\www\\codeigniter4-v4.4.0\\app\\Controllers\\Controleur.php')
 2 SYSTEMPATH\Autoloader\Autoloader.php(263): CodeIgniter\Autoloader\Autoloader->loadInNamespace('App\\Controllers\\Controleur')
 3 [internal function]: CodeIgniter\Autoloader\Autoloader->loadClass('App\\Controllers\\Controleur')
 4 SYSTEMPATH\CodeIgniter.php(873): class_exists('\\App\\Controllers\\Controleur', true)
 5 SYSTEMPATH\CodeIgniter.php(479): CodeIgniter\CodeIgniter->startController()
 6 SYSTEMPATH\CodeIgniter.php(353): CodeIgniter\CodeIgniter->handleRequest(null, Object(Config\Cache), false)
 7 FCPATH\index.php(79): CodeIgniter\CodeIgniter->run()
CRITICAL - 2024-09-18 14:27:55 --> syntax error, unexpected token "else"
in APPPATH\Controllers\Controleur.php on line 45.
 1 SYSTEMPATH\Autoloader\Autoloader.php(285): CodeIgniter\Autoloader\Autoloader->includeFile('C:\\wamp64\\www\\codeigniter4-v4.4.0\\app\\Controllers\\Controleur.php')
 2 SYSTEMPATH\Autoloader\Autoloader.php(263): CodeIgniter\Autoloader\Autoloader->loadInNamespace('App\\Controllers\\Controleur')
 3 [internal function]: CodeIgniter\Autoloader\Autoloader->loadClass('App\\Controllers\\Controleur')
 4 SYSTEMPATH\CodeIgniter.php(873): class_exists('\\App\\Controllers\\Controleur', true)
 5 SYSTEMPATH\CodeIgniter.php(479): CodeIgniter\CodeIgniter->startController()
 6 SYSTEMPATH\CodeIgniter.php(353): CodeIgniter\CodeIgniter->handleRequest(null, Object(Config\Cache), false)
 7 FCPATH\index.php(79): CodeIgniter\CodeIgniter->run()
CRITICAL - 2024-09-18 14:27:56 --> syntax error, unexpected token "else"
in APPPATH\Controllers\Controleur.php on line 45.
 1 SYSTEMPATH\Autoloader\Autoloader.php(285): CodeIgniter\Autoloader\Autoloader->includeFile('C:\\wamp64\\www\\codeigniter4-v4.4.0\\app\\Controllers\\Controleur.php')
 2 SYSTEMPATH\Autoloader\Autoloader.php(263): CodeIgniter\Autoloader\Autoloader->loadInNamespace('App\\Controllers\\Controleur')
 3 [internal function]: CodeIgniter\Autoloader\Autoloader->loadClass('App\\Controllers\\Controleur')
 4 SYSTEMPATH\CodeIgniter.php(873): class_exists('\\App\\Controllers\\Controleur', true)
 5 SYSTEMPATH\CodeIgniter.php(479): CodeIgniter\CodeIgniter->startController()
 6 SYSTEMPATH\CodeIgniter.php(353): CodeIgniter\CodeIgniter->handleRequest(null, Object(Config\Cache), false)
 7 FCPATH\index.php(79): CodeIgniter\CodeIgniter->run()
CRITICAL - 2024-09-18 14:54:32 --> Call to undefined method App\Controllers\Controleur::consultation()
in APPPATH\Controllers\Controleur.php on line 36.
 1 SYSTEMPATH\CodeIgniter.php(915): App\Controllers\Controleur->index()
 2 SYSTEMPATH\CodeIgniter.php(492): CodeIgniter\CodeIgniter->runController(Object(App\Controllers\Controleur))
 3 SYSTEMPATH\CodeIgniter.php(353): CodeIgniter\CodeIgniter->handleRequest(null, Object(Config\Cache), false)
 4 FCPATH\index.php(79): CodeIgniter\CodeIgniter->run()
