ERROR - 2024-09-16 11:12:52 --> mysqli_sql_exception: La table 'gsb.t_billet' n'existe pas in C:\wamp64\www\codeigniter4-v4.4.0\system\Database\MySQLi\Connection.php:306
Stack trace:
#0 C:\wamp64\www\codeigniter4-v4.4.0\system\Database\MySQLi\Connection.php(306): mysqli->query('select BIL_ID, ...', 0)
#1 C:\wamp64\www\codeigniter4-v4.4.0\system\Database\BaseConnection.php(692): CodeIgniter\Database\MySQLi\Connection->execute('select BIL_ID, ...')
#2 C:\wamp64\www\codeigniter4-v4.4.0\system\Database\BaseConnection.php(606): CodeIgniter\Database\BaseConnection->simpleQuery('select BIL_ID, ...')
#3 C:\wamp64\www\codeigniter4-v4.4.0\app\Models\Modele.php(135): CodeIgniter\Database\BaseConnection->query('select BIL_ID, ...')
#4 C:\wamp64\www\codeigniter4-v4.4.0\app\Controllers\Controleur.php(56): App\Models\Modele->getBillets()
#5 C:\wamp64\www\codeigniter4-v4.4.0\app\Controllers\Controleur.php(33): App\Controllers\Controleur->accueil()
#6 C:\wamp64\www\codeigniter4-v4.4.0\system\CodeIgniter.php(915): App\Controllers\Controleur->index()
#7 C:\wamp64\www\codeigniter4-v4.4.0\system\CodeIgniter.php(492): CodeIgniter\CodeIgniter->runController(Object(App\Controllers\Controleur))
#8 C:\wamp64\www\codeigniter4-v4.4.0\system\CodeIgniter.php(353): CodeIgniter\CodeIgniter->handleRequest(NULL, Object(Config\Cache), false)
#9 C:\wamp64\www\codeigniter4-v4.4.0\public\index.php(79): CodeIgniter\CodeIgniter->run()
#10 {main}
CRITICAL - 2024-09-16 11:12:52 --> La table 'gsb.t_billet' n'existe pas
in SYSTEMPATH\Database\BaseConnection.php on line 646.
 1 APPPATH\Models\Modele.php(135): CodeIgniter\Database\BaseConnection->query('select BIL_ID, BIL_TITRE, BIL_DATE from T_BILLET order by BIL_ID desc')
 2 APPPATH\Controllers\Controleur.php(56): App\Models\Modele->getBillets()
 3 APPPATH\Controllers\Controleur.php(33): App\Controllers\Controleur->accueil()
 4 SYSTEMPATH\CodeIgniter.php(915): App\Controllers\Controleur->index()
 5 SYSTEMPATH\CodeIgniter.php(492): CodeIgniter\CodeIgniter->runController(Object(App\Controllers\Controleur))
 6 SYSTEMPATH\CodeIgniter.php(353): CodeIgniter\CodeIgniter->handleRequest(null, Object(Config\Cache), false)
 7 FCPATH\index.php(79): CodeIgniter\CodeIgniter->run()
ERROR - 2024-09-16 11:15:11 --> mysqli_sql_exception: La table 'gsb.t_billet' n'existe pas in C:\wamp64\www\codeigniter4-v4.4.0\system\Database\MySQLi\Connection.php:306
Stack trace:
#0 C:\wamp64\www\codeigniter4-v4.4.0\system\Database\MySQLi\Connection.php(306): mysqli->query('select BIL_ID, ...', 0)
#1 C:\wamp64\www\codeigniter4-v4.4.0\system\Database\BaseConnection.php(692): CodeIgniter\Database\MySQLi\Connection->execute('select BIL_ID, ...')
#2 C:\wamp64\www\codeigniter4-v4.4.0\system\Database\BaseConnection.php(606): CodeIgniter\Database\BaseConnection->simpleQuery('select BIL_ID, ...')
#3 C:\wamp64\www\codeigniter4-v4.4.0\app\Models\Modele.php(135): CodeIgniter\Database\BaseConnection->query('select BIL_ID, ...')
#4 C:\wamp64\www\codeigniter4-v4.4.0\app\Controllers\Controleur.php(56): App\Models\Modele->getBillets()
#5 C:\wamp64\www\codeigniter4-v4.4.0\app\Controllers\Controleur.php(33): App\Controllers\Controleur->accueil()
#6 C:\wamp64\www\codeigniter4-v4.4.0\system\CodeIgniter.php(915): App\Controllers\Controleur->index()
#7 C:\wamp64\www\codeigniter4-v4.4.0\system\CodeIgniter.php(492): CodeIgniter\CodeIgniter->runController(Object(App\Controllers\Controleur))
#8 C:\wamp64\www\codeigniter4-v4.4.0\system\CodeIgniter.php(353): CodeIgniter\CodeIgniter->handleRequest(NULL, Object(Config\Cache), false)
#9 C:\wamp64\www\codeigniter4-v4.4.0\public\index.php(79): CodeIgniter\CodeIgniter->run()
#10 {main}
CRITICAL - 2024-09-16 11:15:11 --> La table 'gsb.t_billet' n'existe pas
in SYSTEMPATH\Database\BaseConnection.php on line 646.
 1 APPPATH\Models\Modele.php(135): CodeIgniter\Database\BaseConnection->query('select BIL_ID, BIL_TITRE, BIL_DATE from T_BILLET order by BIL_ID desc')
 2 APPPATH\Controllers\Controleur.php(56): App\Models\Modele->getBillets()
 3 APPPATH\Controllers\Controleur.php(33): App\Controllers\Controleur->accueil()
 4 SYSTEMPATH\CodeIgniter.php(915): App\Controllers\Controleur->index()
 5 SYSTEMPATH\CodeIgniter.php(492): CodeIgniter\CodeIgniter->runController(Object(App\Controllers\Controleur))
 6 SYSTEMPATH\CodeIgniter.php(353): CodeIgniter\CodeIgniter->handleRequest(null, Object(Config\Cache), false)
 7 FCPATH\index.php(79): CodeIgniter\CodeIgniter->run()
ERROR - 2024-09-16 11:15:12 --> mysqli_sql_exception: La table 'gsb.t_billet' n'existe pas in C:\wamp64\www\codeigniter4-v4.4.0\system\Database\MySQLi\Connection.php:306
Stack trace:
#0 C:\wamp64\www\codeigniter4-v4.4.0\system\Database\MySQLi\Connection.php(306): mysqli->query('select BIL_ID, ...', 0)
#1 C:\wamp64\www\codeigniter4-v4.4.0\system\Database\BaseConnection.php(692): CodeIgniter\Database\MySQLi\Connection->execute('select BIL_ID, ...')
#2 C:\wamp64\www\codeigniter4-v4.4.0\system\Database\BaseConnection.php(606): CodeIgniter\Database\BaseConnection->simpleQuery('select BIL_ID, ...')
#3 C:\wamp64\www\codeigniter4-v4.4.0\app\Models\Modele.php(135): CodeIgniter\Database\BaseConnection->query('select BIL_ID, ...')
#4 C:\wamp64\www\codeigniter4-v4.4.0\app\Controllers\Controleur.php(56): App\Models\Modele->getBillets()
#5 C:\wamp64\www\codeigniter4-v4.4.0\app\Controllers\Controleur.php(33): App\Controllers\Controleur->accueil()
#6 C:\wamp64\www\codeigniter4-v4.4.0\system\CodeIgniter.php(915): App\Controllers\Controleur->index()
#7 C:\wamp64\www\codeigniter4-v4.4.0\system\CodeIgniter.php(492): CodeIgniter\CodeIgniter->runController(Object(App\Controllers\Controleur))
#8 C:\wamp64\www\codeigniter4-v4.4.0\system\CodeIgniter.php(353): CodeIgniter\CodeIgniter->handleRequest(NULL, Object(Config\Cache), false)
#9 C:\wamp64\www\codeigniter4-v4.4.0\public\index.php(79): CodeIgniter\CodeIgniter->run()
#10 {main}
CRITICAL - 2024-09-16 11:15:12 --> La table 'gsb.t_billet' n'existe pas
in SYSTEMPATH\Database\BaseConnection.php on line 646.
 1 APPPATH\Models\Modele.php(135): CodeIgniter\Database\BaseConnection->query('select BIL_ID, BIL_TITRE, BIL_DATE from T_BILLET order by BIL_ID desc')
 2 APPPATH\Controllers\Controleur.php(56): App\Models\Modele->getBillets()
 3 APPPATH\Controllers\Controleur.php(33): App\Controllers\Controleur->accueil()
 4 SYSTEMPATH\CodeIgniter.php(915): App\Controllers\Controleur->index()
 5 SYSTEMPATH\CodeIgniter.php(492): CodeIgniter\CodeIgniter->runController(Object(App\Controllers\Controleur))
 6 SYSTEMPATH\CodeIgniter.php(353): CodeIgniter\CodeIgniter->handleRequest(null, Object(Config\Cache), false)
 7 FCPATH\index.php(79): CodeIgniter\CodeIgniter->run()
ERROR - 2024-09-16 11:15:13 --> mysqli_sql_exception: La table 'gsb.t_billet' n'existe pas in C:\wamp64\www\codeigniter4-v4.4.0\system\Database\MySQLi\Connection.php:306
Stack trace:
#0 C:\wamp64\www\codeigniter4-v4.4.0\system\Database\MySQLi\Connection.php(306): mysqli->query('select BIL_ID, ...', 0)
#1 C:\wamp64\www\codeigniter4-v4.4.0\system\Database\BaseConnection.php(692): CodeIgniter\Database\MySQLi\Connection->execute('select BIL_ID, ...')
#2 C:\wamp64\www\codeigniter4-v4.4.0\system\Database\BaseConnection.php(606): CodeIgniter\Database\BaseConnection->simpleQuery('select BIL_ID, ...')
#3 C:\wamp64\www\codeigniter4-v4.4.0\app\Models\Modele.php(135): CodeIgniter\Database\BaseConnection->query('select BIL_ID, ...')
#4 C:\wamp64\www\codeigniter4-v4.4.0\app\Controllers\Controleur.php(56): App\Models\Modele->getBillets()
#5 C:\wamp64\www\codeigniter4-v4.4.0\app\Controllers\Controleur.php(33): App\Controllers\Controleur->accueil()
#6 C:\wamp64\www\codeigniter4-v4.4.0\system\CodeIgniter.php(915): App\Controllers\Controleur->index()
#7 C:\wamp64\www\codeigniter4-v4.4.0\system\CodeIgniter.php(492): CodeIgniter\CodeIgniter->runController(Object(App\Controllers\Controleur))
#8 C:\wamp64\www\codeigniter4-v4.4.0\system\CodeIgniter.php(353): CodeIgniter\CodeIgniter->handleRequest(NULL, Object(Config\Cache), false)
#9 C:\wamp64\www\codeigniter4-v4.4.0\public\index.php(79): CodeIgniter\CodeIgniter->run()
#10 {main}
CRITICAL - 2024-09-16 11:15:13 --> La table 'gsb.t_billet' n'existe pas
in SYSTEMPATH\Database\BaseConnection.php on line 646.
 1 APPPATH\Models\Modele.php(135): CodeIgniter\Database\BaseConnection->query('select BIL_ID, BIL_TITRE, BIL_DATE from T_BILLET order by BIL_ID desc')
 2 APPPATH\Controllers\Controleur.php(56): App\Models\Modele->getBillets()
 3 APPPATH\Controllers\Controleur.php(33): App\Controllers\Controleur->accueil()
 4 SYSTEMPATH\CodeIgniter.php(915): App\Controllers\Controleur->index()
 5 SYSTEMPATH\CodeIgniter.php(492): CodeIgniter\CodeIgniter->runController(Object(App\Controllers\Controleur))
 6 SYSTEMPATH\CodeIgniter.php(353): CodeIgniter\CodeIgniter->handleRequest(null, Object(Config\Cache), false)
 7 FCPATH\index.php(79): CodeIgniter\CodeIgniter->run()
ERROR - 2024-09-16 11:15:13 --> mysqli_sql_exception: La table 'gsb.t_billet' n'existe pas in C:\wamp64\www\codeigniter4-v4.4.0\system\Database\MySQLi\Connection.php:306
Stack trace:
#0 C:\wamp64\www\codeigniter4-v4.4.0\system\Database\MySQLi\Connection.php(306): mysqli->query('select BIL_ID, ...', 0)
#1 C:\wamp64\www\codeigniter4-v4.4.0\system\Database\BaseConnection.php(692): CodeIgniter\Database\MySQLi\Connection->execute('select BIL_ID, ...')
#2 C:\wamp64\www\codeigniter4-v4.4.0\system\Database\BaseConnection.php(606): CodeIgniter\Database\BaseConnection->simpleQuery('select BIL_ID, ...')
#3 C:\wamp64\www\codeigniter4-v4.4.0\app\Models\Modele.php(135): CodeIgniter\Database\BaseConnection->query('select BIL_ID, ...')
#4 C:\wamp64\www\codeigniter4-v4.4.0\app\Controllers\Controleur.php(56): App\Models\Modele->getBillets()
#5 C:\wamp64\www\codeigniter4-v4.4.0\app\Controllers\Controleur.php(33): App\Controllers\Controleur->accueil()
#6 C:\wamp64\www\codeigniter4-v4.4.0\system\CodeIgniter.php(915): App\Controllers\Controleur->index()
#7 C:\wamp64\www\codeigniter4-v4.4.0\system\CodeIgniter.php(492): CodeIgniter\CodeIgniter->runController(Object(App\Controllers\Controleur))
#8 C:\wamp64\www\codeigniter4-v4.4.0\system\CodeIgniter.php(353): CodeIgniter\CodeIgniter->handleRequest(NULL, Object(Config\Cache), false)
#9 C:\wamp64\www\codeigniter4-v4.4.0\public\index.php(79): CodeIgniter\CodeIgniter->run()
#10 {main}
CRITICAL - 2024-09-16 11:15:13 --> La table 'gsb.t_billet' n'existe pas
in SYSTEMPATH\Database\BaseConnection.php on line 646.
 1 APPPATH\Models\Modele.php(135): CodeIgniter\Database\BaseConnection->query('select BIL_ID, BIL_TITRE, BIL_DATE from T_BILLET order by BIL_ID desc')
 2 APPPATH\Controllers\Controleur.php(56): App\Models\Modele->getBillets()
 3 APPPATH\Controllers\Controleur.php(33): App\Controllers\Controleur->accueil()
 4 SYSTEMPATH\CodeIgniter.php(915): App\Controllers\Controleur->index()
 5 SYSTEMPATH\CodeIgniter.php(492): CodeIgniter\CodeIgniter->runController(Object(App\Controllers\Controleur))
 6 SYSTEMPATH\CodeIgniter.php(353): CodeIgniter\CodeIgniter->handleRequest(null, Object(Config\Cache), false)
 7 FCPATH\index.php(79): CodeIgniter\CodeIgniter->run()
ERROR - 2024-09-16 11:15:13 --> mysqli_sql_exception: La table 'gsb.t_billet' n'existe pas in C:\wamp64\www\codeigniter4-v4.4.0\system\Database\MySQLi\Connection.php:306
Stack trace:
#0 C:\wamp64\www\codeigniter4-v4.4.0\system\Database\MySQLi\Connection.php(306): mysqli->query('select BIL_ID, ...', 0)
#1 C:\wamp64\www\codeigniter4-v4.4.0\system\Database\BaseConnection.php(692): CodeIgniter\Database\MySQLi\Connection->execute('select BIL_ID, ...')
#2 C:\wamp64\www\codeigniter4-v4.4.0\system\Database\BaseConnection.php(606): CodeIgniter\Database\BaseConnection->simpleQuery('select BIL_ID, ...')
#3 C:\wamp64\www\codeigniter4-v4.4.0\app\Models\Modele.php(135): CodeIgniter\Database\BaseConnection->query('select BIL_ID, ...')
#4 C:\wamp64\www\codeigniter4-v4.4.0\app\Controllers\Controleur.php(56): App\Models\Modele->getBillets()
#5 C:\wamp64\www\codeigniter4-v4.4.0\app\Controllers\Controleur.php(33): App\Controllers\Controleur->accueil()
#6 C:\wamp64\www\codeigniter4-v4.4.0\system\CodeIgniter.php(915): App\Controllers\Controleur->index()
#7 C:\wamp64\www\codeigniter4-v4.4.0\system\CodeIgniter.php(492): CodeIgniter\CodeIgniter->runController(Object(App\Controllers\Controleur))
#8 C:\wamp64\www\codeigniter4-v4.4.0\system\CodeIgniter.php(353): CodeIgniter\CodeIgniter->handleRequest(NULL, Object(Config\Cache), false)
#9 C:\wamp64\www\codeigniter4-v4.4.0\public\index.php(79): CodeIgniter\CodeIgniter->run()
#10 {main}
CRITICAL - 2024-09-16 11:15:13 --> La table 'gsb.t_billet' n'existe pas
in SYSTEMPATH\Database\BaseConnection.php on line 646.
 1 APPPATH\Models\Modele.php(135): CodeIgniter\Database\BaseConnection->query('select BIL_ID, BIL_TITRE, BIL_DATE from T_BILLET order by BIL_ID desc')
 2 APPPATH\Controllers\Controleur.php(56): App\Models\Modele->getBillets()
 3 APPPATH\Controllers\Controleur.php(33): App\Controllers\Controleur->accueil()
 4 SYSTEMPATH\CodeIgniter.php(915): App\Controllers\Controleur->index()
 5 SYSTEMPATH\CodeIgniter.php(492): CodeIgniter\CodeIgniter->runController(Object(App\Controllers\Controleur))
 6 SYSTEMPATH\CodeIgniter.php(353): CodeIgniter\CodeIgniter->handleRequest(null, Object(Config\Cache), false)
 7 FCPATH\index.php(79): CodeIgniter\CodeIgniter->run()
ERROR - 2024-09-16 11:15:13 --> mysqli_sql_exception: La table 'gsb.t_billet' n'existe pas in C:\wamp64\www\codeigniter4-v4.4.0\system\Database\MySQLi\Connection.php:306
Stack trace:
#0 C:\wamp64\www\codeigniter4-v4.4.0\system\Database\MySQLi\Connection.php(306): mysqli->query('select BIL_ID, ...', 0)
#1 C:\wamp64\www\codeigniter4-v4.4.0\system\Database\BaseConnection.php(692): CodeIgniter\Database\MySQLi\Connection->execute('select BIL_ID, ...')
#2 C:\wamp64\www\codeigniter4-v4.4.0\system\Database\BaseConnection.php(606): CodeIgniter\Database\BaseConnection->simpleQuery('select BIL_ID, ...')
#3 C:\wamp64\www\codeigniter4-v4.4.0\app\Models\Modele.php(135): CodeIgniter\Database\BaseConnection->query('select BIL_ID, ...')
#4 C:\wamp64\www\codeigniter4-v4.4.0\app\Controllers\Controleur.php(56): App\Models\Modele->getBillets()
#5 C:\wamp64\www\codeigniter4-v4.4.0\app\Controllers\Controleur.php(33): App\Controllers\Controleur->accueil()
#6 C:\wamp64\www\codeigniter4-v4.4.0\system\CodeIgniter.php(915): App\Controllers\Controleur->index()
#7 C:\wamp64\www\codeigniter4-v4.4.0\system\CodeIgniter.php(492): CodeIgniter\CodeIgniter->runController(Object(App\Controllers\Controleur))
#8 C:\wamp64\www\codeigniter4-v4.4.0\system\CodeIgniter.php(353): CodeIgniter\CodeIgniter->handleRequest(NULL, Object(Config\Cache), false)
#9 C:\wamp64\www\codeigniter4-v4.4.0\public\index.php(79): CodeIgniter\CodeIgniter->run()
#10 {main}
CRITICAL - 2024-09-16 11:15:13 --> La table 'gsb.t_billet' n'existe pas
in SYSTEMPATH\Database\BaseConnection.php on line 646.
 1 APPPATH\Models\Modele.php(135): CodeIgniter\Database\BaseConnection->query('select BIL_ID, BIL_TITRE, BIL_DATE from T_BILLET order by BIL_ID desc')
 2 APPPATH\Controllers\Controleur.php(56): App\Models\Modele->getBillets()
 3 APPPATH\Controllers\Controleur.php(33): App\Controllers\Controleur->accueil()
 4 SYSTEMPATH\CodeIgniter.php(915): App\Controllers\Controleur->index()
 5 SYSTEMPATH\CodeIgniter.php(492): CodeIgniter\CodeIgniter->runController(Object(App\Controllers\Controleur))
 6 SYSTEMPATH\CodeIgniter.php(353): CodeIgniter\CodeIgniter->handleRequest(null, Object(Config\Cache), false)
 7 FCPATH\index.php(79): CodeIgniter\CodeIgniter->run()
ERROR - 2024-09-16 11:15:35 --> mysqli_sql_exception: La table 'gsb.t_billet' n'existe pas in C:\wamp64\www\codeigniter4-v4.4.0\system\Database\MySQLi\Connection.php:306
Stack trace:
#0 C:\wamp64\www\codeigniter4-v4.4.0\system\Database\MySQLi\Connection.php(306): mysqli->query('select BIL_ID, ...', 0)
#1 C:\wamp64\www\codeigniter4-v4.4.0\system\Database\BaseConnection.php(692): CodeIgniter\Database\MySQLi\Connection->execute('select BIL_ID, ...')
#2 C:\wamp64\www\codeigniter4-v4.4.0\system\Database\BaseConnection.php(606): CodeIgniter\Database\BaseConnection->simpleQuery('select BIL_ID, ...')
#3 C:\wamp64\www\codeigniter4-v4.4.0\app\Models\Modele.php(135): CodeIgniter\Database\BaseConnection->query('select BIL_ID, ...')
#4 C:\wamp64\www\codeigniter4-v4.4.0\app\Controllers\Controleur.php(56): App\Models\Modele->getBillets()
#5 C:\wamp64\www\codeigniter4-v4.4.0\app\Controllers\Controleur.php(33): App\Controllers\Controleur->accueil()
#6 C:\wamp64\www\codeigniter4-v4.4.0\system\CodeIgniter.php(915): App\Controllers\Controleur->index()
#7 C:\wamp64\www\codeigniter4-v4.4.0\system\CodeIgniter.php(492): CodeIgniter\CodeIgniter->runController(Object(App\Controllers\Controleur))
#8 C:\wamp64\www\codeigniter4-v4.4.0\system\CodeIgniter.php(353): CodeIgniter\CodeIgniter->handleRequest(NULL, Object(Config\Cache), false)
#9 C:\wamp64\www\codeigniter4-v4.4.0\public\index.php(79): CodeIgniter\CodeIgniter->run()
#10 {main}
CRITICAL - 2024-09-16 11:15:35 --> La table 'gsb.t_billet' n'existe pas
in SYSTEMPATH\Database\BaseConnection.php on line 646.
 1 APPPATH\Models\Modele.php(135): CodeIgniter\Database\BaseConnection->query('select BIL_ID, BIL_TITRE, BIL_DATE from T_BILLET order by BIL_ID desc')
 2 APPPATH\Controllers\Controleur.php(56): App\Models\Modele->getBillets()
 3 APPPATH\Controllers\Controleur.php(33): App\Controllers\Controleur->accueil()
 4 SYSTEMPATH\CodeIgniter.php(915): App\Controllers\Controleur->index()
 5 SYSTEMPATH\CodeIgniter.php(492): CodeIgniter\CodeIgniter->runController(Object(App\Controllers\Controleur))
 6 SYSTEMPATH\CodeIgniter.php(353): CodeIgniter\CodeIgniter->handleRequest(null, Object(Config\Cache), false)
 7 FCPATH\index.php(79): CodeIgniter\CodeIgniter->run()
ERROR - 2024-09-16 11:15:36 --> mysqli_sql_exception: La table 'gsb.t_billet' n'existe pas in C:\wamp64\www\codeigniter4-v4.4.0\system\Database\MySQLi\Connection.php:306
Stack trace:
#0 C:\wamp64\www\codeigniter4-v4.4.0\system\Database\MySQLi\Connection.php(306): mysqli->query('select BIL_ID, ...', 0)
#1 C:\wamp64\www\codeigniter4-v4.4.0\system\Database\BaseConnection.php(692): CodeIgniter\Database\MySQLi\Connection->execute('select BIL_ID, ...')
#2 C:\wamp64\www\codeigniter4-v4.4.0\system\Database\BaseConnection.php(606): CodeIgniter\Database\BaseConnection->simpleQuery('select BIL_ID, ...')
#3 C:\wamp64\www\codeigniter4-v4.4.0\app\Models\Modele.php(135): CodeIgniter\Database\BaseConnection->query('select BIL_ID, ...')
#4 C:\wamp64\www\codeigniter4-v4.4.0\app\Controllers\Controleur.php(56): App\Models\Modele->getBillets()
#5 C:\wamp64\www\codeigniter4-v4.4.0\app\Controllers\Controleur.php(33): App\Controllers\Controleur->accueil()
#6 C:\wamp64\www\codeigniter4-v4.4.0\system\CodeIgniter.php(915): App\Controllers\Controleur->index()
#7 C:\wamp64\www\codeigniter4-v4.4.0\system\CodeIgniter.php(492): CodeIgniter\CodeIgniter->runController(Object(App\Controllers\Controleur))
#8 C:\wamp64\www\codeigniter4-v4.4.0\system\CodeIgniter.php(353): CodeIgniter\CodeIgniter->handleRequest(NULL, Object(Config\Cache), false)
#9 C:\wamp64\www\codeigniter4-v4.4.0\public\index.php(79): CodeIgniter\CodeIgniter->run()
#10 {main}
CRITICAL - 2024-09-16 11:15:36 --> La table 'gsb.t_billet' n'existe pas
in SYSTEMPATH\Database\BaseConnection.php on line 646.
 1 APPPATH\Models\Modele.php(135): CodeIgniter\Database\BaseConnection->query('select BIL_ID, BIL_TITRE, BIL_DATE from T_BILLET order by BIL_ID desc')
 2 APPPATH\Controllers\Controleur.php(56): App\Models\Modele->getBillets()
 3 APPPATH\Controllers\Controleur.php(33): App\Controllers\Controleur->accueil()
 4 SYSTEMPATH\CodeIgniter.php(915): App\Controllers\Controleur->index()
 5 SYSTEMPATH\CodeIgniter.php(492): CodeIgniter\CodeIgniter->runController(Object(App\Controllers\Controleur))
 6 SYSTEMPATH\CodeIgniter.php(353): CodeIgniter\CodeIgniter->handleRequest(null, Object(Config\Cache), false)
 7 FCPATH\index.php(79): CodeIgniter\CodeIgniter->run()
ERROR - 2024-09-16 11:15:36 --> mysqli_sql_exception: La table 'gsb.t_billet' n'existe pas in C:\wamp64\www\codeigniter4-v4.4.0\system\Database\MySQLi\Connection.php:306
Stack trace:
#0 C:\wamp64\www\codeigniter4-v4.4.0\system\Database\MySQLi\Connection.php(306): mysqli->query('select BIL_ID, ...', 0)
#1 C:\wamp64\www\codeigniter4-v4.4.0\system\Database\BaseConnection.php(692): CodeIgniter\Database\MySQLi\Connection->execute('select BIL_ID, ...')
#2 C:\wamp64\www\codeigniter4-v4.4.0\system\Database\BaseConnection.php(606): CodeIgniter\Database\BaseConnection->simpleQuery('select BIL_ID, ...')
#3 C:\wamp64\www\codeigniter4-v4.4.0\app\Models\Modele.php(135): CodeIgniter\Database\BaseConnection->query('select BIL_ID, ...')
#4 C:\wamp64\www\codeigniter4-v4.4.0\app\Controllers\Controleur.php(56): App\Models\Modele->getBillets()
#5 C:\wamp64\www\codeigniter4-v4.4.0\app\Controllers\Controleur.php(33): App\Controllers\Controleur->accueil()
#6 C:\wamp64\www\codeigniter4-v4.4.0\system\CodeIgniter.php(915): App\Controllers\Controleur->index()
#7 C:\wamp64\www\codeigniter4-v4.4.0\system\CodeIgniter.php(492): CodeIgniter\CodeIgniter->runController(Object(App\Controllers\Controleur))
#8 C:\wamp64\www\codeigniter4-v4.4.0\system\CodeIgniter.php(353): CodeIgniter\CodeIgniter->handleRequest(NULL, Object(Config\Cache), false)
#9 C:\wamp64\www\codeigniter4-v4.4.0\public\index.php(79): CodeIgniter\CodeIgniter->run()
#10 {main}
CRITICAL - 2024-09-16 11:15:36 --> La table 'gsb.t_billet' n'existe pas
in SYSTEMPATH\Database\BaseConnection.php on line 646.
 1 APPPATH\Models\Modele.php(135): CodeIgniter\Database\BaseConnection->query('select BIL_ID, BIL_TITRE, BIL_DATE from T_BILLET order by BIL_ID desc')
 2 APPPATH\Controllers\Controleur.php(56): App\Models\Modele->getBillets()
 3 APPPATH\Controllers\Controleur.php(33): App\Controllers\Controleur->accueil()
 4 SYSTEMPATH\CodeIgniter.php(915): App\Controllers\Controleur->index()
 5 SYSTEMPATH\CodeIgniter.php(492): CodeIgniter\CodeIgniter->runController(Object(App\Controllers\Controleur))
 6 SYSTEMPATH\CodeIgniter.php(353): CodeIgniter\CodeIgniter->handleRequest(null, Object(Config\Cache), false)
 7 FCPATH\index.php(79): CodeIgniter\CodeIgniter->run()
ERROR - 2024-09-16 11:15:36 --> mysqli_sql_exception: La table 'gsb.t_billet' n'existe pas in C:\wamp64\www\codeigniter4-v4.4.0\system\Database\MySQLi\Connection.php:306
Stack trace:
#0 C:\wamp64\www\codeigniter4-v4.4.0\system\Database\MySQLi\Connection.php(306): mysqli->query('select BIL_ID, ...', 0)
#1 C:\wamp64\www\codeigniter4-v4.4.0\system\Database\BaseConnection.php(692): CodeIgniter\Database\MySQLi\Connection->execute('select BIL_ID, ...')
#2 C:\wamp64\www\codeigniter4-v4.4.0\system\Database\BaseConnection.php(606): CodeIgniter\Database\BaseConnection->simpleQuery('select BIL_ID, ...')
#3 C:\wamp64\www\codeigniter4-v4.4.0\app\Models\Modele.php(135): CodeIgniter\Database\BaseConnection->query('select BIL_ID, ...')
#4 C:\wamp64\www\codeigniter4-v4.4.0\app\Controllers\Controleur.php(56): App\Models\Modele->getBillets()
#5 C:\wamp64\www\codeigniter4-v4.4.0\app\Controllers\Controleur.php(33): App\Controllers\Controleur->accueil()
#6 C:\wamp64\www\codeigniter4-v4.4.0\system\CodeIgniter.php(915): App\Controllers\Controleur->index()
#7 C:\wamp64\www\codeigniter4-v4.4.0\system\CodeIgniter.php(492): CodeIgniter\CodeIgniter->runController(Object(App\Controllers\Controleur))
#8 C:\wamp64\www\codeigniter4-v4.4.0\system\CodeIgniter.php(353): CodeIgniter\CodeIgniter->handleRequest(NULL, Object(Config\Cache), false)
#9 C:\wamp64\www\codeigniter4-v4.4.0\public\index.php(79): CodeIgniter\CodeIgniter->run()
#10 {main}
CRITICAL - 2024-09-16 11:15:36 --> La table 'gsb.t_billet' n'existe pas
in SYSTEMPATH\Database\BaseConnection.php on line 646.
 1 APPPATH\Models\Modele.php(135): CodeIgniter\Database\BaseConnection->query('select BIL_ID, BIL_TITRE, BIL_DATE from T_BILLET order by BIL_ID desc')
 2 APPPATH\Controllers\Controleur.php(56): App\Models\Modele->getBillets()
 3 APPPATH\Controllers\Controleur.php(33): App\Controllers\Controleur->accueil()
 4 SYSTEMPATH\CodeIgniter.php(915): App\Controllers\Controleur->index()
 5 SYSTEMPATH\CodeIgniter.php(492): CodeIgniter\CodeIgniter->runController(Object(App\Controllers\Controleur))
 6 SYSTEMPATH\CodeIgniter.php(353): CodeIgniter\CodeIgniter->handleRequest(null, Object(Config\Cache), false)
 7 FCPATH\index.php(79): CodeIgniter\CodeIgniter->run()
ERROR - 2024-09-16 11:15:36 --> mysqli_sql_exception: La table 'gsb.t_billet' n'existe pas in C:\wamp64\www\codeigniter4-v4.4.0\system\Database\MySQLi\Connection.php:306
Stack trace:
#0 C:\wamp64\www\codeigniter4-v4.4.0\system\Database\MySQLi\Connection.php(306): mysqli->query('select BIL_ID, ...', 0)
#1 C:\wamp64\www\codeigniter4-v4.4.0\system\Database\BaseConnection.php(692): CodeIgniter\Database\MySQLi\Connection->execute('select BIL_ID, ...')
#2 C:\wamp64\www\codeigniter4-v4.4.0\system\Database\BaseConnection.php(606): CodeIgniter\Database\BaseConnection->simpleQuery('select BIL_ID, ...')
#3 C:\wamp64\www\codeigniter4-v4.4.0\app\Models\Modele.php(135): CodeIgniter\Database\BaseConnection->query('select BIL_ID, ...')
#4 C:\wamp64\www\codeigniter4-v4.4.0\app\Controllers\Controleur.php(56): App\Models\Modele->getBillets()
#5 C:\wamp64\www\codeigniter4-v4.4.0\app\Controllers\Controleur.php(33): App\Controllers\Controleur->accueil()
#6 C:\wamp64\www\codeigniter4-v4.4.0\system\CodeIgniter.php(915): App\Controllers\Controleur->index()
#7 C:\wamp64\www\codeigniter4-v4.4.0\system\CodeIgniter.php(492): CodeIgniter\CodeIgniter->runController(Object(App\Controllers\Controleur))
#8 C:\wamp64\www\codeigniter4-v4.4.0\system\CodeIgniter.php(353): CodeIgniter\CodeIgniter->handleRequest(NULL, Object(Config\Cache), false)
#9 C:\wamp64\www\codeigniter4-v4.4.0\public\index.php(79): CodeIgniter\CodeIgniter->run()
#10 {main}
CRITICAL - 2024-09-16 11:15:36 --> La table 'gsb.t_billet' n'existe pas
in SYSTEMPATH\Database\BaseConnection.php on line 646.
 1 APPPATH\Models\Modele.php(135): CodeIgniter\Database\BaseConnection->query('select BIL_ID, BIL_TITRE, BIL_DATE from T_BILLET order by BIL_ID desc')
 2 APPPATH\Controllers\Controleur.php(56): App\Models\Modele->getBillets()
 3 APPPATH\Controllers\Controleur.php(33): App\Controllers\Controleur->accueil()
 4 SYSTEMPATH\CodeIgniter.php(915): App\Controllers\Controleur->index()
 5 SYSTEMPATH\CodeIgniter.php(492): CodeIgniter\CodeIgniter->runController(Object(App\Controllers\Controleur))
 6 SYSTEMPATH\CodeIgniter.php(353): CodeIgniter\CodeIgniter->handleRequest(null, Object(Config\Cache), false)
 7 FCPATH\index.php(79): CodeIgniter\CodeIgniter->run()
ERROR - 2024-09-16 11:15:39 --> mysqli_sql_exception: La table 'gsb.t_billet' n'existe pas in C:\wamp64\www\codeigniter4-v4.4.0\system\Database\MySQLi\Connection.php:306
Stack trace:
#0 C:\wamp64\www\codeigniter4-v4.4.0\system\Database\MySQLi\Connection.php(306): mysqli->query('select BIL_ID, ...', 0)
#1 C:\wamp64\www\codeigniter4-v4.4.0\system\Database\BaseConnection.php(692): CodeIgniter\Database\MySQLi\Connection->execute('select BIL_ID, ...')
#2 C:\wamp64\www\codeigniter4-v4.4.0\system\Database\BaseConnection.php(606): CodeIgniter\Database\BaseConnection->simpleQuery('select BIL_ID, ...')
#3 C:\wamp64\www\codeigniter4-v4.4.0\app\Models\Modele.php(135): CodeIgniter\Database\BaseConnection->query('select BIL_ID, ...')
#4 C:\wamp64\www\codeigniter4-v4.4.0\app\Controllers\Controleur.php(56): App\Models\Modele->getBillets()
#5 C:\wamp64\www\codeigniter4-v4.4.0\app\Controllers\Controleur.php(33): App\Controllers\Controleur->accueil()
#6 C:\wamp64\www\codeigniter4-v4.4.0\system\CodeIgniter.php(915): App\Controllers\Controleur->index()
#7 C:\wamp64\www\codeigniter4-v4.4.0\system\CodeIgniter.php(492): CodeIgniter\CodeIgniter->runController(Object(App\Controllers\Controleur))
#8 C:\wamp64\www\codeigniter4-v4.4.0\system\CodeIgniter.php(353): CodeIgniter\CodeIgniter->handleRequest(NULL, Object(Config\Cache), false)
#9 C:\wamp64\www\codeigniter4-v4.4.0\public\index.php(79): CodeIgniter\CodeIgniter->run()
#10 {main}
CRITICAL - 2024-09-16 11:15:39 --> La table 'gsb.t_billet' n'existe pas
in SYSTEMPATH\Database\BaseConnection.php on line 646.
 1 APPPATH\Models\Modele.php(135): CodeIgniter\Database\BaseConnection->query('select BIL_ID, BIL_TITRE, BIL_DATE from T_BILLET order by BIL_ID desc')
 2 APPPATH\Controllers\Controleur.php(56): App\Models\Modele->getBillets()
 3 APPPATH\Controllers\Controleur.php(33): App\Controllers\Controleur->accueil()
 4 SYSTEMPATH\CodeIgniter.php(915): App\Controllers\Controleur->index()
 5 SYSTEMPATH\CodeIgniter.php(492): CodeIgniter\CodeIgniter->runController(Object(App\Controllers\Controleur))
 6 SYSTEMPATH\CodeIgniter.php(353): CodeIgniter\CodeIgniter->handleRequest(null, Object(Config\Cache), false)
 7 FCPATH\index.php(79): CodeIgniter\CodeIgniter->run()
CRITICAL - 2024-09-16 11:16:00 --> Undefined variable $donnees
in APPPATH\Controllers\Controleur.php on line 62.
 1 APPPATH\Controllers\Controleur.php(62): CodeIgniter\Debug\Exceptions->errorHandler(2, 'Undefined variable $donnees', 'C:\\wamp64\\www\\codeigniter4-v4.4.0\\app\\Controllers\\Controleur.php', 62)
 2 APPPATH\Controllers\Controleur.php(33): App\Controllers\Controleur->accueil()
 3 SYSTEMPATH\CodeIgniter.php(915): App\Controllers\Controleur->index()
 4 SYSTEMPATH\CodeIgniter.php(492): CodeIgniter\CodeIgniter->runController(Object(App\Controllers\Controleur))
 5 SYSTEMPATH\CodeIgniter.php(353): CodeIgniter\CodeIgniter->handleRequest(null, Object(Config\Cache), false)
 6 FCPATH\index.php(79): CodeIgniter\CodeIgniter->run()
CRITICAL - 2024-09-16 11:16:48 --> syntax error, unexpected identifier "probleme"
in APPPATH\Controllers\Controleur.php on line 56.
 1 SYSTEMPATH\Autoloader\Autoloader.php(285): CodeIgniter\Autoloader\Autoloader->includeFile('C:\\wamp64\\www\\codeigniter4-v4.4.0\\app\\Controllers\\Controleur.php')
 2 SYSTEMPATH\Autoloader\Autoloader.php(263): CodeIgniter\Autoloader\Autoloader->loadInNamespace('App\\Controllers\\Controleur')
 3 [internal function]: CodeIgniter\Autoloader\Autoloader->loadClass('App\\Controllers\\Controleur')
 4 SYSTEMPATH\CodeIgniter.php(873): class_exists('\\App\\Controllers\\Controleur', true)
 5 SYSTEMPATH\CodeIgniter.php(479): CodeIgniter\CodeIgniter->startController()
 6 SYSTEMPATH\CodeIgniter.php(353): CodeIgniter\CodeIgniter->handleRequest(null, Object(Config\Cache), false)
 7 FCPATH\index.php(79): CodeIgniter\CodeIgniter->run()
CRITICAL - 2024-09-16 11:17:13 --> syntax error, unexpected identifier "probleme"
in APPPATH\Controllers\Controleur.php on line 56.
 1 SYSTEMPATH\Autoloader\Autoloader.php(285): CodeIgniter\Autoloader\Autoloader->includeFile('C:\\wamp64\\www\\codeigniter4-v4.4.0\\app\\Controllers\\Controleur.php')
 2 SYSTEMPATH\Autoloader\Autoloader.php(263): CodeIgniter\Autoloader\Autoloader->loadInNamespace('App\\Controllers\\Controleur')
 3 [internal function]: CodeIgniter\Autoloader\Autoloader->loadClass('App\\Controllers\\Controleur')
 4 SYSTEMPATH\CodeIgniter.php(873): class_exists('\\App\\Controllers\\Controleur', true)
 5 SYSTEMPATH\CodeIgniter.php(479): CodeIgniter\CodeIgniter->startController()
 6 SYSTEMPATH\CodeIgniter.php(353): CodeIgniter\CodeIgniter->handleRequest(null, Object(Config\Cache), false)
 7 FCPATH\index.php(79): CodeIgniter\CodeIgniter->run()
ERROR - 2024-09-16 14:03:07 --> mysqli_sql_exception: La table 'gsb.t_billet' n'existe pas in C:\wamp64\www\codeigniter4-v4.4.0\system\Database\MySQLi\Connection.php:306
Stack trace:
#0 C:\wamp64\www\codeigniter4-v4.4.0\system\Database\MySQLi\Connection.php(306): mysqli->query('select BIL_ID, ...', 0)
#1 C:\wamp64\www\codeigniter4-v4.4.0\system\Database\BaseConnection.php(692): CodeIgniter\Database\MySQLi\Connection->execute('select BIL_ID, ...')
#2 C:\wamp64\www\codeigniter4-v4.4.0\system\Database\BaseConnection.php(606): CodeIgniter\Database\BaseConnection->simpleQuery('select BIL_ID, ...')
#3 C:\wamp64\www\codeigniter4-v4.4.0\app\Models\Modele.php(135): CodeIgniter\Database\BaseConnection->query('select BIL_ID, ...')
#4 C:\wamp64\www\codeigniter4-v4.4.0\app\Controllers\Controleur.php(59): App\Models\Modele->getBillets()
#5 C:\wamp64\www\codeigniter4-v4.4.0\app\Controllers\Controleur.php(36): App\Controllers\Controleur->accueil()
#6 C:\wamp64\www\codeigniter4-v4.4.0\system\CodeIgniter.php(915): App\Controllers\Controleur->index()
#7 C:\wamp64\www\codeigniter4-v4.4.0\system\CodeIgniter.php(492): CodeIgniter\CodeIgniter->runController(Object(App\Controllers\Controleur))
#8 C:\wamp64\www\codeigniter4-v4.4.0\system\CodeIgniter.php(353): CodeIgniter\CodeIgniter->handleRequest(NULL, Object(Config\Cache), false)
#9 C:\wamp64\www\codeigniter4-v4.4.0\public\index.php(79): CodeIgniter\CodeIgniter->run()
#10 {main}
CRITICAL - 2024-09-16 14:03:07 --> La table 'gsb.t_billet' n'existe pas
in SYSTEMPATH\Database\BaseConnection.php on line 646.
 1 APPPATH\Models\Modele.php(135): CodeIgniter\Database\BaseConnection->query('select BIL_ID, BIL_TITRE, BIL_DATE from T_BILLET order by BIL_ID desc')
 2 APPPATH\Controllers\Controleur.php(59): App\Models\Modele->getBillets()
 3 APPPATH\Controllers\Controleur.php(36): App\Controllers\Controleur->accueil()
 4 SYSTEMPATH\CodeIgniter.php(915): App\Controllers\Controleur->index()
 5 SYSTEMPATH\CodeIgniter.php(492): CodeIgniter\CodeIgniter->runController(Object(App\Controllers\Controleur))
 6 SYSTEMPATH\CodeIgniter.php(353): CodeIgniter\CodeIgniter->handleRequest(null, Object(Config\Cache), false)
 7 FCPATH\index.php(79): CodeIgniter\CodeIgniter->run()
CRITICAL - 2024-09-16 14:03:58 --> Undefined variable $resultat
in APPPATH\Views\vueAccueil.php on line 28.
 1 APPPATH\Views\vueAccueil.php(28): CodeIgniter\Debug\Exceptions->errorHandler(2, 'Undefined variable $resultat', 'C:\\wamp64\\www\\codeigniter4-v4.4.0\\app\\Views\\vueAccueil.php', 28)
 2 SYSTEMPATH\View\View.php(226): include('C:\\wamp64\\www\\codeigniter4-v4.4.0\\app\\Views\\vueAccueil.php')
 3 SYSTEMPATH\View\View.php(229): CodeIgniter\View\View->CodeIgniter\View\{closure}()
 4 SYSTEMPATH\Common.php(1178): CodeIgniter\View\View->render('vueAccueil', [], true)
 5 APPPATH\Controllers\Controleur.php(55): view('vueAccueil')
 6 APPPATH\Controllers\Controleur.php(36): App\Controllers\Controleur->accueil()
 7 SYSTEMPATH\CodeIgniter.php(915): App\Controllers\Controleur->index()
 8 SYSTEMPATH\CodeIgniter.php(492): CodeIgniter\CodeIgniter->runController(Object(App\Controllers\Controleur))
 9 SYSTEMPATH\CodeIgniter.php(353): CodeIgniter\CodeIgniter->handleRequest(null, Object(Config\Cache), false)
10 FCPATH\index.php(79): CodeIgniter\CodeIgniter->run()
CRITICAL - 2024-09-16 14:04:17 --> Invalid file: "PageAccueil.php"
in SYSTEMPATH\Exceptions\FrameworkException.php on line 39.
 1 SYSTEMPATH\View\View.php(214): CodeIgniter\Exceptions\FrameworkException::forInvalidFile('PageAccueil.php')
 2 SYSTEMPATH\Common.php(1178): CodeIgniter\View\View->render('PageAccueil', [], true)
 3 APPPATH\Controllers\Controleur.php(55): view('PageAccueil')
 4 APPPATH\Controllers\Controleur.php(36): App\Controllers\Controleur->accueil()
 5 SYSTEMPATH\CodeIgniter.php(915): App\Controllers\Controleur->index()
 6 SYSTEMPATH\CodeIgniter.php(492): CodeIgniter\CodeIgniter->runController(Object(App\Controllers\Controleur))
 7 SYSTEMPATH\CodeIgniter.php(353): CodeIgniter\CodeIgniter->handleRequest(null, Object(Config\Cache), false)
 8 FCPATH\index.php(79): CodeIgniter\CodeIgniter->run()
CRITICAL - 2024-09-16 14:16:07 --> syntax error, unexpected token ")", expecting variable
in APPPATH\Controllers\Controleur.php on line 59.
 1 SYSTEMPATH\Autoloader\Autoloader.php(285): CodeIgniter\Autoloader\Autoloader->includeFile('C:\\wamp64\\www\\codeigniter4-v4.4.0\\app\\Controllers\\Controleur.php')
 2 SYSTEMPATH\Autoloader\Autoloader.php(263): CodeIgniter\Autoloader\Autoloader->loadInNamespace('App\\Controllers\\Controleur')
 3 [internal function]: CodeIgniter\Autoloader\Autoloader->loadClass('App\\Controllers\\Controleur')
 4 SYSTEMPATH\CodeIgniter.php(873): class_exists('\\App\\Controllers\\Controleur', true)
 5 SYSTEMPATH\CodeIgniter.php(479): CodeIgniter\CodeIgniter->startController()
 6 SYSTEMPATH\CodeIgniter.php(353): CodeIgniter\CodeIgniter->handleRequest(null, Object(Config\Cache), false)
 7 FCPATH\index.php(79): CodeIgniter\CodeIgniter->run()
CRITICAL - 2024-09-16 14:19:22 --> syntax error, unexpected token "else", expecting "function" or "const"
in APPPATH\Controllers\Controleur.php on line 33.
 1 SYSTEMPATH\Autoloader\Autoloader.php(285): CodeIgniter\Autoloader\Autoloader->includeFile('C:\\wamp64\\www\\codeigniter4-v4.4.0\\app\\Controllers\\Controleur.php')
 2 SYSTEMPATH\Autoloader\Autoloader.php(263): CodeIgniter\Autoloader\Autoloader->loadInNamespace('App\\Controllers\\Controleur')
 3 [internal function]: CodeIgniter\Autoloader\Autoloader->loadClass('App\\Controllers\\Controleur')
 4 SYSTEMPATH\CodeIgniter.php(873): class_exists('\\App\\Controllers\\Controleur', true)
 5 SYSTEMPATH\CodeIgniter.php(479): CodeIgniter\CodeIgniter->startController()
 6 SYSTEMPATH\CodeIgniter.php(353): CodeIgniter\CodeIgniter->handleRequest(null, Object(Config\Cache), false)
 7 FCPATH\index.php(79): CodeIgniter\CodeIgniter->run()
CRITICAL - 2024-09-16 14:19:50 --> syntax error, unexpected token "public", expecting end of file
in APPPATH\Controllers\Controleur.php on line 48.
 1 SYSTEMPATH\Autoloader\Autoloader.php(285): CodeIgniter\Autoloader\Autoloader->includeFile('C:\\wamp64\\www\\codeigniter4-v4.4.0\\app\\Controllers\\Controleur.php')
 2 SYSTEMPATH\Autoloader\Autoloader.php(263): CodeIgniter\Autoloader\Autoloader->loadInNamespace('App\\Controllers\\Controleur')
 3 [internal function]: CodeIgniter\Autoloader\Autoloader->loadClass('App\\Controllers\\Controleur')
 4 SYSTEMPATH\CodeIgniter.php(873): class_exists('\\App\\Controllers\\Controleur', true)
 5 SYSTEMPATH\CodeIgniter.php(479): CodeIgniter\CodeIgniter->startController()
 6 SYSTEMPATH\CodeIgniter.php(353): CodeIgniter\CodeIgniter->handleRequest(null, Object(Config\Cache), false)
 7 FCPATH\index.php(79): CodeIgniter\CodeIgniter->run()
CRITICAL - 2024-09-16 15:11:33 --> Call to undefined method App\Controllers\Controleur::redirectPageRenseignerFicheFrais()
in APPPATH\Controllers\Controleur.php on line 27.
 1 SYSTEMPATH\CodeIgniter.php(915): App\Controllers\Controleur->index()
 2 SYSTEMPATH\CodeIgniter.php(492): CodeIgniter\CodeIgniter->runController(Object(App\Controllers\Controleur))
 3 SYSTEMPATH\CodeIgniter.php(353): CodeIgniter\CodeIgniter->handleRequest(null, Object(Config\Cache), false)
 4 FCPATH\index.php(79): CodeIgniter\CodeIgniter->run()
CRITICAL - 2024-09-16 15:12:41 --> Call to undefined method App\Controllers\Controleur::redirectPageConsulterFicheFrais()
in APPPATH\Controllers\Controleur.php on line 30.
 1 SYSTEMPATH\CodeIgniter.php(915): App\Controllers\Controleur->index()
 2 SYSTEMPATH\CodeIgniter.php(492): CodeIgniter\CodeIgniter->runController(Object(App\Controllers\Controleur))
 3 SYSTEMPATH\CodeIgniter.php(353): CodeIgniter\CodeIgniter->handleRequest(null, Object(Config\Cache), false)
 4 FCPATH\index.php(79): CodeIgniter\CodeIgniter->run()
CRITICAL - 2024-09-16 15:12:48 --> Call to undefined method App\Controllers\Controleur::redirectPageRenseignerFicheFrais()
in APPPATH\Controllers\Controleur.php on line 27.
 1 SYSTEMPATH\CodeIgniter.php(915): App\Controllers\Controleur->index()
 2 SYSTEMPATH\CodeIgniter.php(492): CodeIgniter\CodeIgniter->runController(Object(App\Controllers\Controleur))
 3 SYSTEMPATH\CodeIgniter.php(353): CodeIgniter\CodeIgniter->handleRequest(null, Object(Config\Cache), false)
 4 FCPATH\index.php(79): CodeIgniter\CodeIgniter->run()
CRITICAL - 2024-09-16 15:21:19 --> Call to undefined method App\Controllers\Controleur::redirectPageConsulterFicheFrais()
in APPPATH\Controllers\Controleur.php on line 30.
 1 SYSTEMPATH\CodeIgniter.php(915): App\Controllers\Controleur->index()
 2 SYSTEMPATH\CodeIgniter.php(492): CodeIgniter\CodeIgniter->runController(Object(App\Controllers\Controleur))
 3 SYSTEMPATH\CodeIgniter.php(353): CodeIgniter\CodeIgniter->handleRequest(null, Object(Config\Cache), false)
 4 FCPATH\index.php(79): CodeIgniter\CodeIgniter->run()
CRITICAL - 2024-09-16 15:22:07 --> Call to undefined method App\Controllers\Controleur::redirectCFF1()
in APPPATH\Controllers\Controleur.php on line 30.
 1 SYSTEMPATH\CodeIgniter.php(915): App\Controllers\Controleur->index()
 2 SYSTEMPATH\CodeIgniter.php(492): CodeIgniter\CodeIgniter->runController(Object(App\Controllers\Controleur))
 3 SYSTEMPATH\CodeIgniter.php(353): CodeIgniter\CodeIgniter->handleRequest(null, Object(Config\Cache), false)
 4 FCPATH\index.php(79): CodeIgniter\CodeIgniter->run()
