CRITICAL - 2024-09-19 12:40:18 --> Undefined variable $data
in APPPATH\Controllers\Controleur.php on line 114.
 1 APPPATH\Controllers\Controleur.php(114): CodeIgniter\Debug\Exceptions->errorHandler(2, 'Undefined variable $data', 'C:\\wamp64\\www\\codeigniter4-v4.4.0\\app\\Controllers\\Controleur.php', 114)
 2 APPPATH\Controllers\Controleur.php(33): App\Controllers\Controleur->redirectPageCo()
 3 SYSTEMPATH\CodeIgniter.php(915): App\Controllers\Controleur->index()
 4 SYSTEMPATH\CodeIgniter.php(492): CodeIgniter\CodeIgniter->runController(Object(App\Controllers\Controleur))
 5 SYSTEMPATH\CodeIgniter.php(353): CodeIgniter\CodeIgniter->handleRequest(null, Object(Config\Cache), false)
 6 FCPATH\index.php(79): CodeIgniter\CodeIgniter->run()
CRITICAL - 2024-09-19 14:42:02 --> Undefined variable $forfaitEtape
in APPPATH\Controllers\Controleur.php on line 173.
 1 APPPATH\Controllers\Controleur.php(173): CodeIgniter\Debug\Exceptions->errorHandler(2, 'Undefined variable $forfaitEtape', 'C:\\wamp64\\www\\codeigniter4-v4.4.0\\app\\Controllers\\Controleur.php', 173)
 2 APPPATH\Controllers\Controleur.php(42): App\Controllers\Controleur->redirectFraisForfe()
 3 SYSTEMPATH\CodeIgniter.php(915): App\Controllers\Controleur->index()
 4 SYSTEMPATH\CodeIgniter.php(492): CodeIgniter\CodeIgniter->runController(Object(App\Controllers\Controleur))
 5 SYSTEMPATH\CodeIgniter.php(353): CodeIgniter\CodeIgniter->handleRequest(null, Object(Config\Cache), false)
 6 FCPATH\index.php(79): CodeIgniter\CodeIgniter->run()
CRITICAL - 2024-09-19 14:42:58 --> You must set the database table to be used with your query.
in SYSTEMPATH\Database\BaseConnection.php on line 883.
 1 SYSTEMPATH\Model.php(635): CodeIgniter\Database\BaseConnection->table(null)
 2 SYSTEMPATH\Model.php(863): CodeIgniter\Model->builder()
 3 APPPATH\Controllers\Controleur.php(176): CodeIgniter\Model->__call('renseignementFicheFrais', [...])
 4 APPPATH\Controllers\Controleur.php(42): App\Controllers\Controleur->redirectFraisForfe()
 5 SYSTEMPATH\CodeIgniter.php(915): App\Controllers\Controleur->index()
 6 SYSTEMPATH\CodeIgniter.php(492): CodeIgniter\CodeIgniter->runController(Object(App\Controllers\Controleur))
 7 SYSTEMPATH\CodeIgniter.php(353): CodeIgniter\CodeIgniter->handleRequest(null, Object(Config\Cache), false)
 8 FCPATH\index.php(79): CodeIgniter\CodeIgniter->run()
CRITICAL - 2024-09-19 14:43:52 --> syntax error, unexpected token ";", expecting "function" or "const"
in APPPATH\Models\Modele.php on line 135.
 1 SYSTEMPATH\Autoloader\Autoloader.php(285): CodeIgniter\Autoloader\Autoloader->includeFile('C:\\wamp64\\www\\codeigniter4-v4.4.0\\app\\Models\\Modele.php')
 2 SYSTEMPATH\Autoloader\Autoloader.php(263): CodeIgniter\Autoloader\Autoloader->loadInNamespace('App\\Models\\Modele')
 3 APPPATH\Controllers\Controleur.php(163): CodeIgniter\Autoloader\Autoloader->loadClass('App\\Models\\Modele')
 4 APPPATH\Controllers\Controleur.php(42): App\Controllers\Controleur->redirectFraisForfe()
 5 SYSTEMPATH\CodeIgniter.php(915): App\Controllers\Controleur->index()
 6 SYSTEMPATH\CodeIgniter.php(492): CodeIgniter\CodeIgniter->runController(Object(App\Controllers\Controleur))
 7 SYSTEMPATH\CodeIgniter.php(353): CodeIgniter\CodeIgniter->handleRequest(null, Object(Config\Cache), false)
 8 FCPATH\index.php(79): CodeIgniter\CodeIgniter->run()
