ERROR - 2024-09-11 14:47:52 --> Error connecting to the database: mysqli_sql_exception: Base 'monblog' inconnue in C:\wamp64\www\codeigniter4-v4.4.0\system\Database\MySQLi\Connection.php:185
Stack trace:
#0 C:\wamp64\www\codeigniter4-v4.4.0\system\Database\MySQLi\Connection.php(185): mysqli->real_connect('127.0.0.1', 'root', '', 'monblog', 3306, '', 0)
#1 C:\wamp64\www\codeigniter4-v4.4.0\system\Database\BaseConnection.php(391): CodeIgniter\Database\MySQLi\Connection->connect(false)
#2 C:\wamp64\www\codeigniter4-v4.4.0\system\Database\BaseConnection.php(574): CodeIgniter\Database\BaseConnection->initialize()
#3 C:\wamp64\www\codeigniter4-v4.4.0\app\Models\Modele.php(38): CodeIgniter\Database\BaseConnection->query('select BIL_ID, ...')
#4 C:\wamp64\www\codeigniter4-v4.4.0\app\Controllers\Controleur.php(56): App\Models\Modele->getBillets()
#5 C:\wamp64\www\codeigniter4-v4.4.0\app\Controllers\Controleur.php(33): App\Controllers\Controleur->accueil()
#6 C:\wamp64\www\codeigniter4-v4.4.0\system\CodeIgniter.php(915): App\Controllers\Controleur->index()
#7 C:\wamp64\www\codeigniter4-v4.4.0\system\CodeIgniter.php(492): CodeIgniter\CodeIgniter->runController(Object(App\Controllers\Controleur))
#8 C:\wamp64\www\codeigniter4-v4.4.0\system\CodeIgniter.php(353): CodeIgniter\CodeIgniter->handleRequest(NULL, Object(Config\Cache), false)
#9 C:\wamp64\www\codeigniter4-v4.4.0\public\index.php(79): CodeIgniter\CodeIgniter->run()
#10 {main}

Next CodeIgniter\Database\Exceptions\DatabaseException: Base 'monblog' inconnue in C:\wamp64\www\codeigniter4-v4.4.0\system\Database\MySQLi\Connection.php:229
Stack trace:
#0 C:\wamp64\www\codeigniter4-v4.4.0\system\Database\BaseConnection.php(391): CodeIgniter\Database\MySQLi\Connection->connect(false)
#1 C:\wamp64\www\codeigniter4-v4.4.0\system\Database\BaseConnection.php(574): CodeIgniter\Database\BaseConnection->initialize()
#2 C:\wamp64\www\codeigniter4-v4.4.0\app\Models\Modele.php(38): CodeIgniter\Database\BaseConnection->query('select BIL_ID, ...')
#3 C:\wamp64\www\codeigniter4-v4.4.0\app\Controllers\Controleur.php(56): App\Models\Modele->getBillets()
#4 C:\wamp64\www\codeigniter4-v4.4.0\app\Controllers\Controleur.php(33): App\Controllers\Controleur->accueil()
#5 C:\wamp64\www\codeigniter4-v4.4.0\system\CodeIgniter.php(915): App\Controllers\Controleur->index()
#6 C:\wamp64\www\codeigniter4-v4.4.0\system\CodeIgniter.php(492): CodeIgniter\CodeIgniter->runController(Object(App\Controllers\Controleur))
#7 C:\wamp64\www\codeigniter4-v4.4.0\system\CodeIgniter.php(353): CodeIgniter\CodeIgniter->handleRequest(NULL, Object(Config\Cache), false)
#8 C:\wamp64\www\codeigniter4-v4.4.0\public\index.php(79): CodeIgniter\CodeIgniter->run()
#9 {main}
CRITICAL - 2024-09-11 14:47:52 --> Unable to connect to the database.
Main connection [MySQLi]: Base 'monblog' inconnue
in SYSTEMPATH\Database\BaseConnection.php on line 427.
 1 SYSTEMPATH\Database\BaseConnection.php(574): CodeIgniter\Database\BaseConnection->initialize()
 2 APPPATH\Models\Modele.php(38): CodeIgniter\Database\BaseConnection->query('select BIL_ID, BIL_TITRE, BIL_DATE from T_BILLET order by BIL_ID desc')
 3 APPPATH\Controllers\Controleur.php(56): App\Models\Modele->getBillets()
 4 APPPATH\Controllers\Controleur.php(33): App\Controllers\Controleur->accueil()
 5 SYSTEMPATH\CodeIgniter.php(915): App\Controllers\Controleur->index()
 6 SYSTEMPATH\CodeIgniter.php(492): CodeIgniter\CodeIgniter->runController(Object(App\Controllers\Controleur))
 7 SYSTEMPATH\CodeIgniter.php(353): CodeIgniter\CodeIgniter->handleRequest(null, Object(Config\Cache), false)
 8 FCPATH\index.php(79): CodeIgniter\CodeIgniter->run()
ERROR - 2024-09-11 14:47:58 --> Error connecting to the database: mysqli_sql_exception: Base 'monblog' inconnue in C:\wamp64\www\codeigniter4-v4.4.0\system\Database\MySQLi\Connection.php:185
Stack trace:
#0 C:\wamp64\www\codeigniter4-v4.4.0\system\Database\MySQLi\Connection.php(185): mysqli->real_connect('127.0.0.1', 'root', '', 'monblog', 3306, '', 0)
#1 C:\wamp64\www\codeigniter4-v4.4.0\system\Database\BaseConnection.php(391): CodeIgniter\Database\MySQLi\Connection->connect(false)
#2 C:\wamp64\www\codeigniter4-v4.4.0\system\Database\BaseConnection.php(574): CodeIgniter\Database\BaseConnection->initialize()
#3 C:\wamp64\www\codeigniter4-v4.4.0\app\Models\Modele.php(38): CodeIgniter\Database\BaseConnection->query('select BIL_ID, ...')
#4 C:\wamp64\www\codeigniter4-v4.4.0\app\Controllers\Controleur.php(56): App\Models\Modele->getBillets()
#5 C:\wamp64\www\codeigniter4-v4.4.0\app\Controllers\Controleur.php(33): App\Controllers\Controleur->accueil()
#6 C:\wamp64\www\codeigniter4-v4.4.0\system\CodeIgniter.php(915): App\Controllers\Controleur->index()
#7 C:\wamp64\www\codeigniter4-v4.4.0\system\CodeIgniter.php(492): CodeIgniter\CodeIgniter->runController(Object(App\Controllers\Controleur))
#8 C:\wamp64\www\codeigniter4-v4.4.0\system\CodeIgniter.php(353): CodeIgniter\CodeIgniter->handleRequest(NULL, Object(Config\Cache), false)
#9 C:\wamp64\www\codeigniter4-v4.4.0\public\index.php(79): CodeIgniter\CodeIgniter->run()
#10 {main}

Next CodeIgniter\Database\Exceptions\DatabaseException: Base 'monblog' inconnue in C:\wamp64\www\codeigniter4-v4.4.0\system\Database\MySQLi\Connection.php:229
Stack trace:
#0 C:\wamp64\www\codeigniter4-v4.4.0\system\Database\BaseConnection.php(391): CodeIgniter\Database\MySQLi\Connection->connect(false)
#1 C:\wamp64\www\codeigniter4-v4.4.0\system\Database\BaseConnection.php(574): CodeIgniter\Database\BaseConnection->initialize()
#2 C:\wamp64\www\codeigniter4-v4.4.0\app\Models\Modele.php(38): CodeIgniter\Database\BaseConnection->query('select BIL_ID, ...')
#3 C:\wamp64\www\codeigniter4-v4.4.0\app\Controllers\Controleur.php(56): App\Models\Modele->getBillets()
#4 C:\wamp64\www\codeigniter4-v4.4.0\app\Controllers\Controleur.php(33): App\Controllers\Controleur->accueil()
#5 C:\wamp64\www\codeigniter4-v4.4.0\system\CodeIgniter.php(915): App\Controllers\Controleur->index()
#6 C:\wamp64\www\codeigniter4-v4.4.0\system\CodeIgniter.php(492): CodeIgniter\CodeIgniter->runController(Object(App\Controllers\Controleur))
#7 C:\wamp64\www\codeigniter4-v4.4.0\system\CodeIgniter.php(353): CodeIgniter\CodeIgniter->handleRequest(NULL, Object(Config\Cache), false)
#8 C:\wamp64\www\codeigniter4-v4.4.0\public\index.php(79): CodeIgniter\CodeIgniter->run()
#9 {main}
CRITICAL - 2024-09-11 14:47:58 --> Unable to connect to the database.
Main connection [MySQLi]: Base 'monblog' inconnue
in SYSTEMPATH\Database\BaseConnection.php on line 427.
 1 SYSTEMPATH\Database\BaseConnection.php(574): CodeIgniter\Database\BaseConnection->initialize()
 2 APPPATH\Models\Modele.php(38): CodeIgniter\Database\BaseConnection->query('select BIL_ID, BIL_TITRE, BIL_DATE from T_BILLET order by BIL_ID desc')
 3 APPPATH\Controllers\Controleur.php(56): App\Models\Modele->getBillets()
 4 APPPATH\Controllers\Controleur.php(33): App\Controllers\Controleur->accueil()
 5 SYSTEMPATH\CodeIgniter.php(915): App\Controllers\Controleur->index()
 6 SYSTEMPATH\CodeIgniter.php(492): CodeIgniter\CodeIgniter->runController(Object(App\Controllers\Controleur))
 7 SYSTEMPATH\CodeIgniter.php(353): CodeIgniter\CodeIgniter->handleRequest(null, Object(Config\Cache), false)
 8 FCPATH\index.php(79): CodeIgniter\CodeIgniter->run()
ERROR - 2024-09-11 14:48:52 --> mysqli_sql_exception: La table 'gsb.t_billet' n'existe pas in C:\wamp64\www\codeigniter4-v4.4.0\system\Database\MySQLi\Connection.php:306
Stack trace:
#0 C:\wamp64\www\codeigniter4-v4.4.0\system\Database\MySQLi\Connection.php(306): mysqli->query('select BIL_ID, ...', 0)
#1 C:\wamp64\www\codeigniter4-v4.4.0\system\Database\BaseConnection.php(692): CodeIgniter\Database\MySQLi\Connection->execute('select BIL_ID, ...')
#2 C:\wamp64\www\codeigniter4-v4.4.0\system\Database\BaseConnection.php(606): CodeIgniter\Database\BaseConnection->simpleQuery('select BIL_ID, ...')
#3 C:\wamp64\www\codeigniter4-v4.4.0\app\Models\Modele.php(38): CodeIgniter\Database\BaseConnection->query('select BIL_ID, ...')
#4 C:\wamp64\www\codeigniter4-v4.4.0\app\Controllers\Controleur.php(56): App\Models\Modele->getBillets()
#5 C:\wamp64\www\codeigniter4-v4.4.0\app\Controllers\Controleur.php(33): App\Controllers\Controleur->accueil()
#6 C:\wamp64\www\codeigniter4-v4.4.0\system\CodeIgniter.php(915): App\Controllers\Controleur->index()
#7 C:\wamp64\www\codeigniter4-v4.4.0\system\CodeIgniter.php(492): CodeIgniter\CodeIgniter->runController(Object(App\Controllers\Controleur))
#8 C:\wamp64\www\codeigniter4-v4.4.0\system\CodeIgniter.php(353): CodeIgniter\CodeIgniter->handleRequest(NULL, Object(Config\Cache), false)
#9 C:\wamp64\www\codeigniter4-v4.4.0\public\index.php(79): CodeIgniter\CodeIgniter->run()
#10 {main}
CRITICAL - 2024-09-11 14:48:52 --> La table 'gsb.t_billet' n'existe pas
in SYSTEMPATH\Database\BaseConnection.php on line 646.
 1 APPPATH\Models\Modele.php(38): CodeIgniter\Database\BaseConnection->query('select BIL_ID, BIL_TITRE, BIL_DATE from T_BILLET order by BIL_ID desc')
 2 APPPATH\Controllers\Controleur.php(56): App\Models\Modele->getBillets()
 3 APPPATH\Controllers\Controleur.php(33): App\Controllers\Controleur->accueil()
 4 SYSTEMPATH\CodeIgniter.php(915): App\Controllers\Controleur->index()
 5 SYSTEMPATH\CodeIgniter.php(492): CodeIgniter\CodeIgniter->runController(Object(App\Controllers\Controleur))
 6 SYSTEMPATH\CodeIgniter.php(353): CodeIgniter\CodeIgniter->handleRequest(null, Object(Config\Cache), false)
 7 FCPATH\index.php(79): CodeIgniter\CodeIgniter->run()
ERROR - 2024-09-11 14:50:52 --> mysqli_sql_exception: La table 'gsb.t_billet' n'existe pas in C:\wamp64\www\codeigniter4-v4.4.0\system\Database\MySQLi\Connection.php:306
Stack trace:
#0 C:\wamp64\www\codeigniter4-v4.4.0\system\Database\MySQLi\Connection.php(306): mysqli->query('select BIL_ID, ...', 0)
#1 C:\wamp64\www\codeigniter4-v4.4.0\system\Database\BaseConnection.php(692): CodeIgniter\Database\MySQLi\Connection->execute('select BIL_ID, ...')
#2 C:\wamp64\www\codeigniter4-v4.4.0\system\Database\BaseConnection.php(606): CodeIgniter\Database\BaseConnection->simpleQuery('select BIL_ID, ...')
#3 C:\wamp64\www\codeigniter4-v4.4.0\app\Models\Modele.php(38): CodeIgniter\Database\BaseConnection->query('select BIL_ID, ...')
#4 C:\wamp64\www\codeigniter4-v4.4.0\app\Controllers\Controleur.php(56): App\Models\Modele->getBillets()
#5 C:\wamp64\www\codeigniter4-v4.4.0\app\Controllers\Controleur.php(33): App\Controllers\Controleur->accueil()
#6 C:\wamp64\www\codeigniter4-v4.4.0\system\CodeIgniter.php(915): App\Controllers\Controleur->index()
#7 C:\wamp64\www\codeigniter4-v4.4.0\system\CodeIgniter.php(492): CodeIgniter\CodeIgniter->runController(Object(App\Controllers\Controleur))
#8 C:\wamp64\www\codeigniter4-v4.4.0\system\CodeIgniter.php(353): CodeIgniter\CodeIgniter->handleRequest(NULL, Object(Config\Cache), false)
#9 C:\wamp64\www\codeigniter4-v4.4.0\public\index.php(79): CodeIgniter\CodeIgniter->run()
#10 {main}
CRITICAL - 2024-09-11 14:50:52 --> La table 'gsb.t_billet' n'existe pas
in SYSTEMPATH\Database\BaseConnection.php on line 646.
 1 APPPATH\Models\Modele.php(38): CodeIgniter\Database\BaseConnection->query('select BIL_ID, BIL_TITRE, BIL_DATE from T_BILLET order by BIL_ID desc')
 2 APPPATH\Controllers\Controleur.php(56): App\Models\Modele->getBillets()
 3 APPPATH\Controllers\Controleur.php(33): App\Controllers\Controleur->accueil()
 4 SYSTEMPATH\CodeIgniter.php(915): App\Controllers\Controleur->index()
 5 SYSTEMPATH\CodeIgniter.php(492): CodeIgniter\CodeIgniter->runController(Object(App\Controllers\Controleur))
 6 SYSTEMPATH\CodeIgniter.php(353): CodeIgniter\CodeIgniter->handleRequest(null, Object(Config\Cache), false)
 7 FCPATH\index.php(79): CodeIgniter\CodeIgniter->run()
ERROR - 2024-09-11 14:50:53 --> mysqli_sql_exception: La table 'gsb.t_billet' n'existe pas in C:\wamp64\www\codeigniter4-v4.4.0\system\Database\MySQLi\Connection.php:306
Stack trace:
#0 C:\wamp64\www\codeigniter4-v4.4.0\system\Database\MySQLi\Connection.php(306): mysqli->query('select BIL_ID, ...', 0)
#1 C:\wamp64\www\codeigniter4-v4.4.0\system\Database\BaseConnection.php(692): CodeIgniter\Database\MySQLi\Connection->execute('select BIL_ID, ...')
#2 C:\wamp64\www\codeigniter4-v4.4.0\system\Database\BaseConnection.php(606): CodeIgniter\Database\BaseConnection->simpleQuery('select BIL_ID, ...')
#3 C:\wamp64\www\codeigniter4-v4.4.0\app\Models\Modele.php(38): CodeIgniter\Database\BaseConnection->query('select BIL_ID, ...')
#4 C:\wamp64\www\codeigniter4-v4.4.0\app\Controllers\Controleur.php(56): App\Models\Modele->getBillets()
#5 C:\wamp64\www\codeigniter4-v4.4.0\app\Controllers\Controleur.php(33): App\Controllers\Controleur->accueil()
#6 C:\wamp64\www\codeigniter4-v4.4.0\system\CodeIgniter.php(915): App\Controllers\Controleur->index()
#7 C:\wamp64\www\codeigniter4-v4.4.0\system\CodeIgniter.php(492): CodeIgniter\CodeIgniter->runController(Object(App\Controllers\Controleur))
#8 C:\wamp64\www\codeigniter4-v4.4.0\system\CodeIgniter.php(353): CodeIgniter\CodeIgniter->handleRequest(NULL, Object(Config\Cache), false)
#9 C:\wamp64\www\codeigniter4-v4.4.0\public\index.php(79): CodeIgniter\CodeIgniter->run()
#10 {main}
CRITICAL - 2024-09-11 14:50:53 --> La table 'gsb.t_billet' n'existe pas
in SYSTEMPATH\Database\BaseConnection.php on line 646.
 1 APPPATH\Models\Modele.php(38): CodeIgniter\Database\BaseConnection->query('select BIL_ID, BIL_TITRE, BIL_DATE from T_BILLET order by BIL_ID desc')
 2 APPPATH\Controllers\Controleur.php(56): App\Models\Modele->getBillets()
 3 APPPATH\Controllers\Controleur.php(33): App\Controllers\Controleur->accueil()
 4 SYSTEMPATH\CodeIgniter.php(915): App\Controllers\Controleur->index()
 5 SYSTEMPATH\CodeIgniter.php(492): CodeIgniter\CodeIgniter->runController(Object(App\Controllers\Controleur))
 6 SYSTEMPATH\CodeIgniter.php(353): CodeIgniter\CodeIgniter->handleRequest(null, Object(Config\Cache), false)
 7 FCPATH\index.php(79): CodeIgniter\CodeIgniter->run()
ERROR - 2024-09-11 14:50:53 --> mysqli_sql_exception: La table 'gsb.t_billet' n'existe pas in C:\wamp64\www\codeigniter4-v4.4.0\system\Database\MySQLi\Connection.php:306
Stack trace:
#0 C:\wamp64\www\codeigniter4-v4.4.0\system\Database\MySQLi\Connection.php(306): mysqli->query('select BIL_ID, ...', 0)
#1 C:\wamp64\www\codeigniter4-v4.4.0\system\Database\BaseConnection.php(692): CodeIgniter\Database\MySQLi\Connection->execute('select BIL_ID, ...')
#2 C:\wamp64\www\codeigniter4-v4.4.0\system\Database\BaseConnection.php(606): CodeIgniter\Database\BaseConnection->simpleQuery('select BIL_ID, ...')
#3 C:\wamp64\www\codeigniter4-v4.4.0\app\Models\Modele.php(38): CodeIgniter\Database\BaseConnection->query('select BIL_ID, ...')
#4 C:\wamp64\www\codeigniter4-v4.4.0\app\Controllers\Controleur.php(56): App\Models\Modele->getBillets()
#5 C:\wamp64\www\codeigniter4-v4.4.0\app\Controllers\Controleur.php(33): App\Controllers\Controleur->accueil()
#6 C:\wamp64\www\codeigniter4-v4.4.0\system\CodeIgniter.php(915): App\Controllers\Controleur->index()
#7 C:\wamp64\www\codeigniter4-v4.4.0\system\CodeIgniter.php(492): CodeIgniter\CodeIgniter->runController(Object(App\Controllers\Controleur))
#8 C:\wamp64\www\codeigniter4-v4.4.0\system\CodeIgniter.php(353): CodeIgniter\CodeIgniter->handleRequest(NULL, Object(Config\Cache), false)
#9 C:\wamp64\www\codeigniter4-v4.4.0\public\index.php(79): CodeIgniter\CodeIgniter->run()
#10 {main}
CRITICAL - 2024-09-11 14:50:53 --> La table 'gsb.t_billet' n'existe pas
in SYSTEMPATH\Database\BaseConnection.php on line 646.
 1 APPPATH\Models\Modele.php(38): CodeIgniter\Database\BaseConnection->query('select BIL_ID, BIL_TITRE, BIL_DATE from T_BILLET order by BIL_ID desc')
 2 APPPATH\Controllers\Controleur.php(56): App\Models\Modele->getBillets()
 3 APPPATH\Controllers\Controleur.php(33): App\Controllers\Controleur->accueil()
 4 SYSTEMPATH\CodeIgniter.php(915): App\Controllers\Controleur->index()
 5 SYSTEMPATH\CodeIgniter.php(492): CodeIgniter\CodeIgniter->runController(Object(App\Controllers\Controleur))
 6 SYSTEMPATH\CodeIgniter.php(353): CodeIgniter\CodeIgniter->handleRequest(null, Object(Config\Cache), false)
 7 FCPATH\index.php(79): CodeIgniter\CodeIgniter->run()
ERROR - 2024-09-11 14:50:53 --> mysqli_sql_exception: La table 'gsb.t_billet' n'existe pas in C:\wamp64\www\codeigniter4-v4.4.0\system\Database\MySQLi\Connection.php:306
Stack trace:
#0 C:\wamp64\www\codeigniter4-v4.4.0\system\Database\MySQLi\Connection.php(306): mysqli->query('select BIL_ID, ...', 0)
#1 C:\wamp64\www\codeigniter4-v4.4.0\system\Database\BaseConnection.php(692): CodeIgniter\Database\MySQLi\Connection->execute('select BIL_ID, ...')
#2 C:\wamp64\www\codeigniter4-v4.4.0\system\Database\BaseConnection.php(606): CodeIgniter\Database\BaseConnection->simpleQuery('select BIL_ID, ...')
#3 C:\wamp64\www\codeigniter4-v4.4.0\app\Models\Modele.php(38): CodeIgniter\Database\BaseConnection->query('select BIL_ID, ...')
#4 C:\wamp64\www\codeigniter4-v4.4.0\app\Controllers\Controleur.php(56): App\Models\Modele->getBillets()
#5 C:\wamp64\www\codeigniter4-v4.4.0\app\Controllers\Controleur.php(33): App\Controllers\Controleur->accueil()
#6 C:\wamp64\www\codeigniter4-v4.4.0\system\CodeIgniter.php(915): App\Controllers\Controleur->index()
#7 C:\wamp64\www\codeigniter4-v4.4.0\system\CodeIgniter.php(492): CodeIgniter\CodeIgniter->runController(Object(App\Controllers\Controleur))
#8 C:\wamp64\www\codeigniter4-v4.4.0\system\CodeIgniter.php(353): CodeIgniter\CodeIgniter->handleRequest(NULL, Object(Config\Cache), false)
#9 C:\wamp64\www\codeigniter4-v4.4.0\public\index.php(79): CodeIgniter\CodeIgniter->run()
#10 {main}
CRITICAL - 2024-09-11 14:50:53 --> La table 'gsb.t_billet' n'existe pas
in SYSTEMPATH\Database\BaseConnection.php on line 646.
 1 APPPATH\Models\Modele.php(38): CodeIgniter\Database\BaseConnection->query('select BIL_ID, BIL_TITRE, BIL_DATE from T_BILLET order by BIL_ID desc')
 2 APPPATH\Controllers\Controleur.php(56): App\Models\Modele->getBillets()
 3 APPPATH\Controllers\Controleur.php(33): App\Controllers\Controleur->accueil()
 4 SYSTEMPATH\CodeIgniter.php(915): App\Controllers\Controleur->index()
 5 SYSTEMPATH\CodeIgniter.php(492): CodeIgniter\CodeIgniter->runController(Object(App\Controllers\Controleur))
 6 SYSTEMPATH\CodeIgniter.php(353): CodeIgniter\CodeIgniter->handleRequest(null, Object(Config\Cache), false)
 7 FCPATH\index.php(79): CodeIgniter\CodeIgniter->run()
ERROR - 2024-09-11 14:51:00 --> mysqli_sql_exception: La table 'gsb.t_billet' n'existe pas in C:\wamp64\www\codeigniter4-v4.4.0\system\Database\MySQLi\Connection.php:306
Stack trace:
#0 C:\wamp64\www\codeigniter4-v4.4.0\system\Database\MySQLi\Connection.php(306): mysqli->query('select BIL_ID, ...', 0)
#1 C:\wamp64\www\codeigniter4-v4.4.0\system\Database\BaseConnection.php(692): CodeIgniter\Database\MySQLi\Connection->execute('select BIL_ID, ...')
#2 C:\wamp64\www\codeigniter4-v4.4.0\system\Database\BaseConnection.php(606): CodeIgniter\Database\BaseConnection->simpleQuery('select BIL_ID, ...')
#3 C:\wamp64\www\codeigniter4-v4.4.0\app\Models\Modele.php(38): CodeIgniter\Database\BaseConnection->query('select BIL_ID, ...')
#4 C:\wamp64\www\codeigniter4-v4.4.0\app\Controllers\Controleur.php(56): App\Models\Modele->getBillets()
#5 C:\wamp64\www\codeigniter4-v4.4.0\app\Controllers\Controleur.php(33): App\Controllers\Controleur->accueil()
#6 C:\wamp64\www\codeigniter4-v4.4.0\system\CodeIgniter.php(915): App\Controllers\Controleur->index()
#7 C:\wamp64\www\codeigniter4-v4.4.0\system\CodeIgniter.php(492): CodeIgniter\CodeIgniter->runController(Object(App\Controllers\Controleur))
#8 C:\wamp64\www\codeigniter4-v4.4.0\system\CodeIgniter.php(353): CodeIgniter\CodeIgniter->handleRequest(NULL, Object(Config\Cache), false)
#9 C:\wamp64\www\codeigniter4-v4.4.0\public\index.php(79): CodeIgniter\CodeIgniter->run()
#10 {main}
CRITICAL - 2024-09-11 14:51:00 --> La table 'gsb.t_billet' n'existe pas
in SYSTEMPATH\Database\BaseConnection.php on line 646.
 1 APPPATH\Models\Modele.php(38): CodeIgniter\Database\BaseConnection->query('select BIL_ID, BIL_TITRE, BIL_DATE from T_BILLET order by BIL_ID desc')
 2 APPPATH\Controllers\Controleur.php(56): App\Models\Modele->getBillets()
 3 APPPATH\Controllers\Controleur.php(33): App\Controllers\Controleur->accueil()
 4 SYSTEMPATH\CodeIgniter.php(915): App\Controllers\Controleur->index()
 5 SYSTEMPATH\CodeIgniter.php(492): CodeIgniter\CodeIgniter->runController(Object(App\Controllers\Controleur))
 6 SYSTEMPATH\CodeIgniter.php(353): CodeIgniter\CodeIgniter->handleRequest(null, Object(Config\Cache), false)
 7 FCPATH\index.php(79): CodeIgniter\CodeIgniter->run()
ERROR - 2024-09-11 14:51:00 --> mysqli_sql_exception: La table 'gsb.t_billet' n'existe pas in C:\wamp64\www\codeigniter4-v4.4.0\system\Database\MySQLi\Connection.php:306
Stack trace:
#0 C:\wamp64\www\codeigniter4-v4.4.0\system\Database\MySQLi\Connection.php(306): mysqli->query('select BIL_ID, ...', 0)
#1 C:\wamp64\www\codeigniter4-v4.4.0\system\Database\BaseConnection.php(692): CodeIgniter\Database\MySQLi\Connection->execute('select BIL_ID, ...')
#2 C:\wamp64\www\codeigniter4-v4.4.0\system\Database\BaseConnection.php(606): CodeIgniter\Database\BaseConnection->simpleQuery('select BIL_ID, ...')
#3 C:\wamp64\www\codeigniter4-v4.4.0\app\Models\Modele.php(38): CodeIgniter\Database\BaseConnection->query('select BIL_ID, ...')
#4 C:\wamp64\www\codeigniter4-v4.4.0\app\Controllers\Controleur.php(56): App\Models\Modele->getBillets()
#5 C:\wamp64\www\codeigniter4-v4.4.0\app\Controllers\Controleur.php(33): App\Controllers\Controleur->accueil()
#6 C:\wamp64\www\codeigniter4-v4.4.0\system\CodeIgniter.php(915): App\Controllers\Controleur->index()
#7 C:\wamp64\www\codeigniter4-v4.4.0\system\CodeIgniter.php(492): CodeIgniter\CodeIgniter->runController(Object(App\Controllers\Controleur))
#8 C:\wamp64\www\codeigniter4-v4.4.0\system\CodeIgniter.php(353): CodeIgniter\CodeIgniter->handleRequest(NULL, Object(Config\Cache), false)
#9 C:\wamp64\www\codeigniter4-v4.4.0\public\index.php(79): CodeIgniter\CodeIgniter->run()
#10 {main}
CRITICAL - 2024-09-11 14:51:00 --> La table 'gsb.t_billet' n'existe pas
in SYSTEMPATH\Database\BaseConnection.php on line 646.
 1 APPPATH\Models\Modele.php(38): CodeIgniter\Database\BaseConnection->query('select BIL_ID, BIL_TITRE, BIL_DATE from T_BILLET order by BIL_ID desc')
 2 APPPATH\Controllers\Controleur.php(56): App\Models\Modele->getBillets()
 3 APPPATH\Controllers\Controleur.php(33): App\Controllers\Controleur->accueil()
 4 SYSTEMPATH\CodeIgniter.php(915): App\Controllers\Controleur->index()
 5 SYSTEMPATH\CodeIgniter.php(492): CodeIgniter\CodeIgniter->runController(Object(App\Controllers\Controleur))
 6 SYSTEMPATH\CodeIgniter.php(353): CodeIgniter\CodeIgniter->handleRequest(null, Object(Config\Cache), false)
 7 FCPATH\index.php(79): CodeIgniter\CodeIgniter->run()
ERROR - 2024-09-11 15:00:39 --> mysqli_sql_exception: La table 'gsb.t_billet' n'existe pas in C:\wamp64\www\codeigniter4-v4.4.0\system\Database\MySQLi\Connection.php:306
Stack trace:
#0 C:\wamp64\www\codeigniter4-v4.4.0\system\Database\MySQLi\Connection.php(306): mysqli->query('select BIL_ID, ...', 0)
#1 C:\wamp64\www\codeigniter4-v4.4.0\system\Database\BaseConnection.php(692): CodeIgniter\Database\MySQLi\Connection->execute('select BIL_ID, ...')
#2 C:\wamp64\www\codeigniter4-v4.4.0\system\Database\BaseConnection.php(606): CodeIgniter\Database\BaseConnection->simpleQuery('select BIL_ID, ...')
#3 C:\wamp64\www\codeigniter4-v4.4.0\app\Models\Modele.php(38): CodeIgniter\Database\BaseConnection->query('select BIL_ID, ...')
#4 C:\wamp64\www\codeigniter4-v4.4.0\app\Controllers\Controleur.php(56): App\Models\Modele->getBillets()
#5 C:\wamp64\www\codeigniter4-v4.4.0\app\Controllers\Controleur.php(33): App\Controllers\Controleur->accueil()
#6 C:\wamp64\www\codeigniter4-v4.4.0\system\CodeIgniter.php(915): App\Controllers\Controleur->index()
#7 C:\wamp64\www\codeigniter4-v4.4.0\system\CodeIgniter.php(492): CodeIgniter\CodeIgniter->runController(Object(App\Controllers\Controleur))
#8 C:\wamp64\www\codeigniter4-v4.4.0\system\CodeIgniter.php(353): CodeIgniter\CodeIgniter->handleRequest(NULL, Object(Config\Cache), false)
#9 C:\wamp64\www\codeigniter4-v4.4.0\public\index.php(79): CodeIgniter\CodeIgniter->run()
#10 {main}
CRITICAL - 2024-09-11 15:00:39 --> La table 'gsb.t_billet' n'existe pas
in SYSTEMPATH\Database\BaseConnection.php on line 646.
 1 APPPATH\Models\Modele.php(38): CodeIgniter\Database\BaseConnection->query('select BIL_ID, BIL_TITRE, BIL_DATE from T_BILLET order by BIL_ID desc')
 2 APPPATH\Controllers\Controleur.php(56): App\Models\Modele->getBillets()
 3 APPPATH\Controllers\Controleur.php(33): App\Controllers\Controleur->accueil()
 4 SYSTEMPATH\CodeIgniter.php(915): App\Controllers\Controleur->index()
 5 SYSTEMPATH\CodeIgniter.php(492): CodeIgniter\CodeIgniter->runController(Object(App\Controllers\Controleur))
 6 SYSTEMPATH\CodeIgniter.php(353): CodeIgniter\CodeIgniter->handleRequest(null, Object(Config\Cache), false)
 7 FCPATH\index.php(79): CodeIgniter\CodeIgniter->run()
ERROR - 2024-09-11 15:00:40 --> mysqli_sql_exception: La table 'gsb.t_billet' n'existe pas in C:\wamp64\www\codeigniter4-v4.4.0\system\Database\MySQLi\Connection.php:306
Stack trace:
#0 C:\wamp64\www\codeigniter4-v4.4.0\system\Database\MySQLi\Connection.php(306): mysqli->query('select BIL_ID, ...', 0)
#1 C:\wamp64\www\codeigniter4-v4.4.0\system\Database\BaseConnection.php(692): CodeIgniter\Database\MySQLi\Connection->execute('select BIL_ID, ...')
#2 C:\wamp64\www\codeigniter4-v4.4.0\system\Database\BaseConnection.php(606): CodeIgniter\Database\BaseConnection->simpleQuery('select BIL_ID, ...')
#3 C:\wamp64\www\codeigniter4-v4.4.0\app\Models\Modele.php(38): CodeIgniter\Database\BaseConnection->query('select BIL_ID, ...')
#4 C:\wamp64\www\codeigniter4-v4.4.0\app\Controllers\Controleur.php(56): App\Models\Modele->getBillets()
#5 C:\wamp64\www\codeigniter4-v4.4.0\app\Controllers\Controleur.php(33): App\Controllers\Controleur->accueil()
#6 C:\wamp64\www\codeigniter4-v4.4.0\system\CodeIgniter.php(915): App\Controllers\Controleur->index()
#7 C:\wamp64\www\codeigniter4-v4.4.0\system\CodeIgniter.php(492): CodeIgniter\CodeIgniter->runController(Object(App\Controllers\Controleur))
#8 C:\wamp64\www\codeigniter4-v4.4.0\system\CodeIgniter.php(353): CodeIgniter\CodeIgniter->handleRequest(NULL, Object(Config\Cache), false)
#9 C:\wamp64\www\codeigniter4-v4.4.0\public\index.php(79): CodeIgniter\CodeIgniter->run()
#10 {main}
CRITICAL - 2024-09-11 15:00:40 --> La table 'gsb.t_billet' n'existe pas
in SYSTEMPATH\Database\BaseConnection.php on line 646.
 1 APPPATH\Models\Modele.php(38): CodeIgniter\Database\BaseConnection->query('select BIL_ID, BIL_TITRE, BIL_DATE from T_BILLET order by BIL_ID desc')
 2 APPPATH\Controllers\Controleur.php(56): App\Models\Modele->getBillets()
 3 APPPATH\Controllers\Controleur.php(33): App\Controllers\Controleur->accueil()
 4 SYSTEMPATH\CodeIgniter.php(915): App\Controllers\Controleur->index()
 5 SYSTEMPATH\CodeIgniter.php(492): CodeIgniter\CodeIgniter->runController(Object(App\Controllers\Controleur))
 6 SYSTEMPATH\CodeIgniter.php(353): CodeIgniter\CodeIgniter->handleRequest(null, Object(Config\Cache), false)
 7 FCPATH\index.php(79): CodeIgniter\CodeIgniter->run()
ERROR - 2024-09-11 15:00:40 --> mysqli_sql_exception: La table 'gsb.t_billet' n'existe pas in C:\wamp64\www\codeigniter4-v4.4.0\system\Database\MySQLi\Connection.php:306
Stack trace:
#0 C:\wamp64\www\codeigniter4-v4.4.0\system\Database\MySQLi\Connection.php(306): mysqli->query('select BIL_ID, ...', 0)
#1 C:\wamp64\www\codeigniter4-v4.4.0\system\Database\BaseConnection.php(692): CodeIgniter\Database\MySQLi\Connection->execute('select BIL_ID, ...')
#2 C:\wamp64\www\codeigniter4-v4.4.0\system\Database\BaseConnection.php(606): CodeIgniter\Database\BaseConnection->simpleQuery('select BIL_ID, ...')
#3 C:\wamp64\www\codeigniter4-v4.4.0\app\Models\Modele.php(38): CodeIgniter\Database\BaseConnection->query('select BIL_ID, ...')
#4 C:\wamp64\www\codeigniter4-v4.4.0\app\Controllers\Controleur.php(56): App\Models\Modele->getBillets()
#5 C:\wamp64\www\codeigniter4-v4.4.0\app\Controllers\Controleur.php(33): App\Controllers\Controleur->accueil()
#6 C:\wamp64\www\codeigniter4-v4.4.0\system\CodeIgniter.php(915): App\Controllers\Controleur->index()
#7 C:\wamp64\www\codeigniter4-v4.4.0\system\CodeIgniter.php(492): CodeIgniter\CodeIgniter->runController(Object(App\Controllers\Controleur))
#8 C:\wamp64\www\codeigniter4-v4.4.0\system\CodeIgniter.php(353): CodeIgniter\CodeIgniter->handleRequest(NULL, Object(Config\Cache), false)
#9 C:\wamp64\www\codeigniter4-v4.4.0\public\index.php(79): CodeIgniter\CodeIgniter->run()
#10 {main}
CRITICAL - 2024-09-11 15:00:40 --> La table 'gsb.t_billet' n'existe pas
in SYSTEMPATH\Database\BaseConnection.php on line 646.
 1 APPPATH\Models\Modele.php(38): CodeIgniter\Database\BaseConnection->query('select BIL_ID, BIL_TITRE, BIL_DATE from T_BILLET order by BIL_ID desc')
 2 APPPATH\Controllers\Controleur.php(56): App\Models\Modele->getBillets()
 3 APPPATH\Controllers\Controleur.php(33): App\Controllers\Controleur->accueil()
 4 SYSTEMPATH\CodeIgniter.php(915): App\Controllers\Controleur->index()
 5 SYSTEMPATH\CodeIgniter.php(492): CodeIgniter\CodeIgniter->runController(Object(App\Controllers\Controleur))
 6 SYSTEMPATH\CodeIgniter.php(353): CodeIgniter\CodeIgniter->handleRequest(null, Object(Config\Cache), false)
 7 FCPATH\index.php(79): CodeIgniter\CodeIgniter->run()
ERROR - 2024-09-11 15:00:40 --> mysqli_sql_exception: La table 'gsb.t_billet' n'existe pas in C:\wamp64\www\codeigniter4-v4.4.0\system\Database\MySQLi\Connection.php:306
Stack trace:
#0 C:\wamp64\www\codeigniter4-v4.4.0\system\Database\MySQLi\Connection.php(306): mysqli->query('select BIL_ID, ...', 0)
#1 C:\wamp64\www\codeigniter4-v4.4.0\system\Database\BaseConnection.php(692): CodeIgniter\Database\MySQLi\Connection->execute('select BIL_ID, ...')
#2 C:\wamp64\www\codeigniter4-v4.4.0\system\Database\BaseConnection.php(606): CodeIgniter\Database\BaseConnection->simpleQuery('select BIL_ID, ...')
#3 C:\wamp64\www\codeigniter4-v4.4.0\app\Models\Modele.php(38): CodeIgniter\Database\BaseConnection->query('select BIL_ID, ...')
#4 C:\wamp64\www\codeigniter4-v4.4.0\app\Controllers\Controleur.php(56): App\Models\Modele->getBillets()
#5 C:\wamp64\www\codeigniter4-v4.4.0\app\Controllers\Controleur.php(33): App\Controllers\Controleur->accueil()
#6 C:\wamp64\www\codeigniter4-v4.4.0\system\CodeIgniter.php(915): App\Controllers\Controleur->index()
#7 C:\wamp64\www\codeigniter4-v4.4.0\system\CodeIgniter.php(492): CodeIgniter\CodeIgniter->runController(Object(App\Controllers\Controleur))
#8 C:\wamp64\www\codeigniter4-v4.4.0\system\CodeIgniter.php(353): CodeIgniter\CodeIgniter->handleRequest(NULL, Object(Config\Cache), false)
#9 C:\wamp64\www\codeigniter4-v4.4.0\public\index.php(79): CodeIgniter\CodeIgniter->run()
#10 {main}
CRITICAL - 2024-09-11 15:00:40 --> La table 'gsb.t_billet' n'existe pas
in SYSTEMPATH\Database\BaseConnection.php on line 646.
 1 APPPATH\Models\Modele.php(38): CodeIgniter\Database\BaseConnection->query('select BIL_ID, BIL_TITRE, BIL_DATE from T_BILLET order by BIL_ID desc')
 2 APPPATH\Controllers\Controleur.php(56): App\Models\Modele->getBillets()
 3 APPPATH\Controllers\Controleur.php(33): App\Controllers\Controleur->accueil()
 4 SYSTEMPATH\CodeIgniter.php(915): App\Controllers\Controleur->index()
 5 SYSTEMPATH\CodeIgniter.php(492): CodeIgniter\CodeIgniter->runController(Object(App\Controllers\Controleur))
 6 SYSTEMPATH\CodeIgniter.php(353): CodeIgniter\CodeIgniter->handleRequest(null, Object(Config\Cache), false)
 7 FCPATH\index.php(79): CodeIgniter\CodeIgniter->run()
ERROR - 2024-09-11 15:00:40 --> mysqli_sql_exception: La table 'gsb.t_billet' n'existe pas in C:\wamp64\www\codeigniter4-v4.4.0\system\Database\MySQLi\Connection.php:306
Stack trace:
#0 C:\wamp64\www\codeigniter4-v4.4.0\system\Database\MySQLi\Connection.php(306): mysqli->query('select BIL_ID, ...', 0)
#1 C:\wamp64\www\codeigniter4-v4.4.0\system\Database\BaseConnection.php(692): CodeIgniter\Database\MySQLi\Connection->execute('select BIL_ID, ...')
#2 C:\wamp64\www\codeigniter4-v4.4.0\system\Database\BaseConnection.php(606): CodeIgniter\Database\BaseConnection->simpleQuery('select BIL_ID, ...')
#3 C:\wamp64\www\codeigniter4-v4.4.0\app\Models\Modele.php(38): CodeIgniter\Database\BaseConnection->query('select BIL_ID, ...')
#4 C:\wamp64\www\codeigniter4-v4.4.0\app\Controllers\Controleur.php(56): App\Models\Modele->getBillets()
#5 C:\wamp64\www\codeigniter4-v4.4.0\app\Controllers\Controleur.php(33): App\Controllers\Controleur->accueil()
#6 C:\wamp64\www\codeigniter4-v4.4.0\system\CodeIgniter.php(915): App\Controllers\Controleur->index()
#7 C:\wamp64\www\codeigniter4-v4.4.0\system\CodeIgniter.php(492): CodeIgniter\CodeIgniter->runController(Object(App\Controllers\Controleur))
#8 C:\wamp64\www\codeigniter4-v4.4.0\system\CodeIgniter.php(353): CodeIgniter\CodeIgniter->handleRequest(NULL, Object(Config\Cache), false)
#9 C:\wamp64\www\codeigniter4-v4.4.0\public\index.php(79): CodeIgniter\CodeIgniter->run()
#10 {main}
CRITICAL - 2024-09-11 15:00:40 --> La table 'gsb.t_billet' n'existe pas
in SYSTEMPATH\Database\BaseConnection.php on line 646.
 1 APPPATH\Models\Modele.php(38): CodeIgniter\Database\BaseConnection->query('select BIL_ID, BIL_TITRE, BIL_DATE from T_BILLET order by BIL_ID desc')
 2 APPPATH\Controllers\Controleur.php(56): App\Models\Modele->getBillets()
 3 APPPATH\Controllers\Controleur.php(33): App\Controllers\Controleur->accueil()
 4 SYSTEMPATH\CodeIgniter.php(915): App\Controllers\Controleur->index()
 5 SYSTEMPATH\CodeIgniter.php(492): CodeIgniter\CodeIgniter->runController(Object(App\Controllers\Controleur))
 6 SYSTEMPATH\CodeIgniter.php(353): CodeIgniter\CodeIgniter->handleRequest(null, Object(Config\Cache), false)
 7 FCPATH\index.php(79): CodeIgniter\CodeIgniter->run()
ERROR - 2024-09-11 15:00:41 --> mysqli_sql_exception: La table 'gsb.t_billet' n'existe pas in C:\wamp64\www\codeigniter4-v4.4.0\system\Database\MySQLi\Connection.php:306
Stack trace:
#0 C:\wamp64\www\codeigniter4-v4.4.0\system\Database\MySQLi\Connection.php(306): mysqli->query('select BIL_ID, ...', 0)
#1 C:\wamp64\www\codeigniter4-v4.4.0\system\Database\BaseConnection.php(692): CodeIgniter\Database\MySQLi\Connection->execute('select BIL_ID, ...')
#2 C:\wamp64\www\codeigniter4-v4.4.0\system\Database\BaseConnection.php(606): CodeIgniter\Database\BaseConnection->simpleQuery('select BIL_ID, ...')
#3 C:\wamp64\www\codeigniter4-v4.4.0\app\Models\Modele.php(38): CodeIgniter\Database\BaseConnection->query('select BIL_ID, ...')
#4 C:\wamp64\www\codeigniter4-v4.4.0\app\Controllers\Controleur.php(56): App\Models\Modele->getBillets()
#5 C:\wamp64\www\codeigniter4-v4.4.0\app\Controllers\Controleur.php(33): App\Controllers\Controleur->accueil()
#6 C:\wamp64\www\codeigniter4-v4.4.0\system\CodeIgniter.php(915): App\Controllers\Controleur->index()
#7 C:\wamp64\www\codeigniter4-v4.4.0\system\CodeIgniter.php(492): CodeIgniter\CodeIgniter->runController(Object(App\Controllers\Controleur))
#8 C:\wamp64\www\codeigniter4-v4.4.0\system\CodeIgniter.php(353): CodeIgniter\CodeIgniter->handleRequest(NULL, Object(Config\Cache), false)
#9 C:\wamp64\www\codeigniter4-v4.4.0\public\index.php(79): CodeIgniter\CodeIgniter->run()
#10 {main}
CRITICAL - 2024-09-11 15:00:41 --> La table 'gsb.t_billet' n'existe pas
in SYSTEMPATH\Database\BaseConnection.php on line 646.
 1 APPPATH\Models\Modele.php(38): CodeIgniter\Database\BaseConnection->query('select BIL_ID, BIL_TITRE, BIL_DATE from T_BILLET order by BIL_ID desc')
 2 APPPATH\Controllers\Controleur.php(56): App\Models\Modele->getBillets()
 3 APPPATH\Controllers\Controleur.php(33): App\Controllers\Controleur->accueil()
 4 SYSTEMPATH\CodeIgniter.php(915): App\Controllers\Controleur->index()
 5 SYSTEMPATH\CodeIgniter.php(492): CodeIgniter\CodeIgniter->runController(Object(App\Controllers\Controleur))
 6 SYSTEMPATH\CodeIgniter.php(353): CodeIgniter\CodeIgniter->handleRequest(null, Object(Config\Cache), false)
 7 FCPATH\index.php(79): CodeIgniter\CodeIgniter->run()
ERROR - 2024-09-11 15:13:32 --> mysqli_sql_exception: La table 'gsb.t_billet' n'existe pas in C:\wamp64\www\codeigniter4-v4.4.0\system\Database\MySQLi\Connection.php:306
Stack trace:
#0 C:\wamp64\www\codeigniter4-v4.4.0\system\Database\MySQLi\Connection.php(306): mysqli->query('select BIL_ID, ...', 0)
#1 C:\wamp64\www\codeigniter4-v4.4.0\system\Database\BaseConnection.php(692): CodeIgniter\Database\MySQLi\Connection->execute('select BIL_ID, ...')
#2 C:\wamp64\www\codeigniter4-v4.4.0\system\Database\BaseConnection.php(606): CodeIgniter\Database\BaseConnection->simpleQuery('select BIL_ID, ...')
#3 C:\wamp64\www\codeigniter4-v4.4.0\app\Models\Modele.php(38): CodeIgniter\Database\BaseConnection->query('select BIL_ID, ...')
#4 C:\wamp64\www\codeigniter4-v4.4.0\app\Controllers\Controleur.php(56): App\Models\Modele->getBillets()
#5 C:\wamp64\www\codeigniter4-v4.4.0\app\Controllers\Controleur.php(33): App\Controllers\Controleur->accueil()
#6 C:\wamp64\www\codeigniter4-v4.4.0\system\CodeIgniter.php(915): App\Controllers\Controleur->index()
#7 C:\wamp64\www\codeigniter4-v4.4.0\system\CodeIgniter.php(492): CodeIgniter\CodeIgniter->runController(Object(App\Controllers\Controleur))
#8 C:\wamp64\www\codeigniter4-v4.4.0\system\CodeIgniter.php(353): CodeIgniter\CodeIgniter->handleRequest(NULL, Object(Config\Cache), false)
#9 C:\wamp64\www\codeigniter4-v4.4.0\public\index.php(79): CodeIgniter\CodeIgniter->run()
#10 {main}
CRITICAL - 2024-09-11 15:13:32 --> La table 'gsb.t_billet' n'existe pas
in SYSTEMPATH\Database\BaseConnection.php on line 646.
 1 APPPATH\Models\Modele.php(38): CodeIgniter\Database\BaseConnection->query('select BIL_ID, BIL_TITRE, BIL_DATE from T_BILLET order by BIL_ID desc')
 2 APPPATH\Controllers\Controleur.php(56): App\Models\Modele->getBillets()
 3 APPPATH\Controllers\Controleur.php(33): App\Controllers\Controleur->accueil()
 4 SYSTEMPATH\CodeIgniter.php(915): App\Controllers\Controleur->index()
 5 SYSTEMPATH\CodeIgniter.php(492): CodeIgniter\CodeIgniter->runController(Object(App\Controllers\Controleur))
 6 SYSTEMPATH\CodeIgniter.php(353): CodeIgniter\CodeIgniter->handleRequest(null, Object(Config\Cache), false)
 7 FCPATH\index.php(79): CodeIgniter\CodeIgniter->run()
ERROR - 2024-09-11 15:13:35 --> mysqli_sql_exception: La table 'gsb.t_billet' n'existe pas in C:\wamp64\www\codeigniter4-v4.4.0\system\Database\MySQLi\Connection.php:306
Stack trace:
#0 C:\wamp64\www\codeigniter4-v4.4.0\system\Database\MySQLi\Connection.php(306): mysqli->query('select BIL_ID, ...', 0)
#1 C:\wamp64\www\codeigniter4-v4.4.0\system\Database\BaseConnection.php(692): CodeIgniter\Database\MySQLi\Connection->execute('select BIL_ID, ...')
#2 C:\wamp64\www\codeigniter4-v4.4.0\system\Database\BaseConnection.php(606): CodeIgniter\Database\BaseConnection->simpleQuery('select BIL_ID, ...')
#3 C:\wamp64\www\codeigniter4-v4.4.0\app\Models\Modele.php(38): CodeIgniter\Database\BaseConnection->query('select BIL_ID, ...')
#4 C:\wamp64\www\codeigniter4-v4.4.0\app\Controllers\Controleur.php(56): App\Models\Modele->getBillets()
#5 C:\wamp64\www\codeigniter4-v4.4.0\app\Controllers\Controleur.php(33): App\Controllers\Controleur->accueil()
#6 C:\wamp64\www\codeigniter4-v4.4.0\system\CodeIgniter.php(915): App\Controllers\Controleur->index()
#7 C:\wamp64\www\codeigniter4-v4.4.0\system\CodeIgniter.php(492): CodeIgniter\CodeIgniter->runController(Object(App\Controllers\Controleur))
#8 C:\wamp64\www\codeigniter4-v4.4.0\system\CodeIgniter.php(353): CodeIgniter\CodeIgniter->handleRequest(NULL, Object(Config\Cache), false)
#9 C:\wamp64\www\codeigniter4-v4.4.0\public\index.php(79): CodeIgniter\CodeIgniter->run()
#10 {main}
CRITICAL - 2024-09-11 15:13:35 --> La table 'gsb.t_billet' n'existe pas
in SYSTEMPATH\Database\BaseConnection.php on line 646.
 1 APPPATH\Models\Modele.php(38): CodeIgniter\Database\BaseConnection->query('select BIL_ID, BIL_TITRE, BIL_DATE from T_BILLET order by BIL_ID desc')
 2 APPPATH\Controllers\Controleur.php(56): App\Models\Modele->getBillets()
 3 APPPATH\Controllers\Controleur.php(33): App\Controllers\Controleur->accueil()
 4 SYSTEMPATH\CodeIgniter.php(915): App\Controllers\Controleur->index()
 5 SYSTEMPATH\CodeIgniter.php(492): CodeIgniter\CodeIgniter->runController(Object(App\Controllers\Controleur))
 6 SYSTEMPATH\CodeIgniter.php(353): CodeIgniter\CodeIgniter->handleRequest(null, Object(Config\Cache), false)
 7 FCPATH\index.php(79): CodeIgniter\CodeIgniter->run()
ERROR - 2024-09-11 15:13:39 --> mysqli_sql_exception: La table 'gsb.t_billet' n'existe pas in C:\wamp64\www\codeigniter4-v4.4.0\system\Database\MySQLi\Connection.php:306
Stack trace:
#0 C:\wamp64\www\codeigniter4-v4.4.0\system\Database\MySQLi\Connection.php(306): mysqli->query('select BIL_ID, ...', 0)
#1 C:\wamp64\www\codeigniter4-v4.4.0\system\Database\BaseConnection.php(692): CodeIgniter\Database\MySQLi\Connection->execute('select BIL_ID, ...')
#2 C:\wamp64\www\codeigniter4-v4.4.0\system\Database\BaseConnection.php(606): CodeIgniter\Database\BaseConnection->simpleQuery('select BIL_ID, ...')
#3 C:\wamp64\www\codeigniter4-v4.4.0\app\Models\Modele.php(38): CodeIgniter\Database\BaseConnection->query('select BIL_ID, ...')
#4 C:\wamp64\www\codeigniter4-v4.4.0\app\Controllers\Controleur.php(56): App\Models\Modele->getBillets()
#5 C:\wamp64\www\codeigniter4-v4.4.0\app\Controllers\Controleur.php(33): App\Controllers\Controleur->accueil()
#6 C:\wamp64\www\codeigniter4-v4.4.0\system\CodeIgniter.php(915): App\Controllers\Controleur->index()
#7 C:\wamp64\www\codeigniter4-v4.4.0\system\CodeIgniter.php(492): CodeIgniter\CodeIgniter->runController(Object(App\Controllers\Controleur))
#8 C:\wamp64\www\codeigniter4-v4.4.0\system\CodeIgniter.php(353): CodeIgniter\CodeIgniter->handleRequest(NULL, Object(Config\Cache), false)
#9 C:\wamp64\www\codeigniter4-v4.4.0\public\index.php(79): CodeIgniter\CodeIgniter->run()
#10 {main}
CRITICAL - 2024-09-11 15:13:39 --> La table 'gsb.t_billet' n'existe pas
in SYSTEMPATH\Database\BaseConnection.php on line 646.
 1 APPPATH\Models\Modele.php(38): CodeIgniter\Database\BaseConnection->query('select BIL_ID, BIL_TITRE, BIL_DATE from T_BILLET order by BIL_ID desc')
 2 APPPATH\Controllers\Controleur.php(56): App\Models\Modele->getBillets()
 3 APPPATH\Controllers\Controleur.php(33): App\Controllers\Controleur->accueil()
 4 SYSTEMPATH\CodeIgniter.php(915): App\Controllers\Controleur->index()
 5 SYSTEMPATH\CodeIgniter.php(492): CodeIgniter\CodeIgniter->runController(Object(App\Controllers\Controleur))
 6 SYSTEMPATH\CodeIgniter.php(353): CodeIgniter\CodeIgniter->handleRequest(null, Object(Config\Cache), false)
 7 FCPATH\index.php(79): CodeIgniter\CodeIgniter->run()
